{"/home/travis/build/npmtest/node-npmtest-react-d3/test.js":{"path":"/home/travis/build/npmtest/node-npmtest-react-d3/test.js","s":{"1":2,"2":2,"3":2,"4":2,"5":2,"6":2,"7":2,"8":1,"9":2,"10":2,"11":1,"12":1,"13":1,"14":1,"15":2,"16":2,"17":2,"18":2,"19":1,"20":1,"21":2,"22":2,"23":2,"24":1,"25":1,"26":1,"27":1,"28":1,"29":1,"30":1,"31":1,"32":1,"33":1,"34":1,"35":1,"36":1,"37":1,"38":1,"39":2,"40":2,"41":1,"42":2,"43":2,"44":1,"45":2,"46":2,"47":1,"48":2,"49":2,"50":1,"51":1,"52":1,"53":1,"54":1},"b":{"1":[2,1,1,1],"2":[1,1,1,1],"3":[1,1],"4":[1,1],"5":[1,1],"6":[1,1],"7":[1,1],"8":[1,1],"9":[1,1],"10":[1,1,1],"11":[1,1],"12":[1,1],"13":[1,1],"14":[1,1],"15":[1,1],"16":[1,1],"17":[1,1]},"f":{"1":2,"2":2,"3":2,"4":2,"5":2,"6":1,"7":1,"8":1,"9":2,"10":2,"11":2,"12":2,"13":1},"fnMap":{"1":{"name":"(anonymous_1)","line":12,"loc":{"start":{"line":12,"column":1},"end":{"line":12,"column":13}}},"2":{"name":"(anonymous_2)","line":19,"loc":{"start":{"line":19,"column":5},"end":{"line":19,"column":17}}},"3":{"name":"(anonymous_3)","line":23,"loc":{"start":{"line":23,"column":24},"end":{"line":23,"column":36}}},"4":{"name":"(anonymous_4)","line":61,"loc":{"start":{"line":61,"column":5},"end":{"line":61,"column":17}}},"5":{"name":"(anonymous_5)","line":82,"loc":{"start":{"line":82,"column":5},"end":{"line":82,"column":17}}},"6":{"name":"(anonymous_6)","line":91,"loc":{"start":{"line":91,"column":77},"end":{"line":94,"column":10}}},"7":{"name":"(anonymous_7)","line":112,"loc":{"start":{"line":112,"column":83},"end":{"line":115,"column":10}},"skip":true},"8":{"name":"(anonymous_8)","line":123,"loc":{"start":{"line":123,"column":77},"end":{"line":126,"column":10}},"skip":true},"9":{"name":"(anonymous_9)","line":139,"loc":{"start":{"line":139,"column":12},"end":{"line":139,"column":40}},"skip":true},"10":{"name":"(anonymous_10)","line":147,"loc":{"start":{"line":147,"column":77},"end":{"line":150,"column":10}},"skip":true},"11":{"name":"(anonymous_11)","line":158,"loc":{"start":{"line":158,"column":83},"end":{"line":161,"column":10}},"skip":true},"12":{"name":"(anonymous_12)","line":169,"loc":{"start":{"line":169,"column":79},"end":{"line":172,"column":10}},"skip":true},"13":{"name":"(anonymous_13)","line":180,"loc":{"start":{"line":180,"column":75},"end":{"line":183,"column":10}},"skip":true}},"statementMap":{"1":{"start":{"line":12,"column":0},"end":{"line":195,"column":5}},"2":{"start":{"line":14,"column":4},"end":{"line":14,"column":14}},"3":{"start":{"line":19,"column":4},"end":{"line":56,"column":9}},"4":{"start":{"line":21,"column":8},"end":{"line":21,"column":19}},"5":{"start":{"line":23,"column":8},"end":{"line":35,"column":13}},"6":{"start":{"line":24,"column":12},"end":{"line":34,"column":13}},"7":{"start":{"line":25,"column":16},"end":{"line":28,"column":30}},"8":{"start":{"line":30,"column":16},"end":{"line":33,"column":27}},"9":{"start":{"line":37,"column":8},"end":{"line":39,"column":21}},"10":{"start":{"line":40,"column":8},"end":{"line":53,"column":9}},"11":{"start":{"line":43,"column":12},"end":{"line":46,"column":14}},"12":{"start":{"line":47,"column":12},"end":{"line":47,"column":18}},"13":{"start":{"line":50,"column":12},"end":{"line":51,"column":33}},"14":{"start":{"line":52,"column":12},"end":{"line":52,"column":18}},"15":{"start":{"line":55,"column":8},"end":{"line":55,"column":35}},"16":{"start":{"line":61,"column":4},"end":{"line":63,"column":9}},"17":{"start":{"line":62,"column":8},"end":{"line":62,"column":15}},"18":{"start":{"line":64,"column":4},"end":{"line":77,"column":5}},"19":{"start":{"line":70,"column":8},"end":{"line":70,"column":14}},"20":{"start":{"line":76,"column":8},"end":{"line":76,"column":14}},"21":{"start":{"line":82,"column":4},"end":{"line":84,"column":9}},"22":{"start":{"line":83,"column":8},"end":{"line":83,"column":15}},"23":{"start":{"line":85,"column":4},"end":{"line":194,"column":5}},"24":{"start":{"line":91,"column":8},"end":{"line":99,"column":10}},"25":{"start":{"line":98,"column":12},"end":{"line":98,"column":35}},"26":{"start":{"line":102,"column":8},"end":{"line":104,"column":63}},"27":{"start":{"line":105,"column":8},"end":{"line":105,"column":14}},"28":{"start":{"line":112,"column":8},"end":{"line":121,"column":10},"skip":true},"29":{"start":{"line":119,"column":12},"end":{"line":119,"column":55},"skip":true},"30":{"start":{"line":120,"column":12},"end":{"line":120,"column":48},"skip":true},"31":{"start":{"line":123,"column":8},"end":{"line":136,"column":10},"skip":true},"32":{"start":{"line":130,"column":12},"end":{"line":130,"column":76},"skip":true},"33":{"start":{"line":131,"column":12},"end":{"line":131,"column":73},"skip":true},"34":{"start":{"line":132,"column":12},"end":{"line":132,"column":74},"skip":true},"35":{"start":{"line":133,"column":12},"end":{"line":133,"column":79},"skip":true},"36":{"start":{"line":134,"column":12},"end":{"line":134,"column":25},"skip":true},"37":{"start":{"line":135,"column":12},"end":{"line":135,"column":45},"skip":true},"38":{"start":{"line":138,"column":8},"end":{"line":145,"column":14},"skip":true},"39":{"start":{"line":143,"column":16},"end":{"line":143,"column":29},"skip":true},"40":{"start":{"line":144,"column":16},"end":{"line":144,"column":55},"skip":true},"41":{"start":{"line":147,"column":8},"end":{"line":156,"column":10},"skip":true},"42":{"start":{"line":154,"column":12},"end":{"line":154,"column":25},"skip":true},"43":{"start":{"line":155,"column":12},"end":{"line":155,"column":45},"skip":true},"44":{"start":{"line":158,"column":8},"end":{"line":167,"column":10},"skip":true},"45":{"start":{"line":165,"column":12},"end":{"line":165,"column":25},"skip":true},"46":{"start":{"line":166,"column":12},"end":{"line":166,"column":48},"skip":true},"47":{"start":{"line":169,"column":8},"end":{"line":178,"column":10},"skip":true},"48":{"start":{"line":176,"column":12},"end":{"line":176,"column":25},"skip":true},"49":{"start":{"line":177,"column":12},"end":{"line":177,"column":46},"skip":true},"50":{"start":{"line":180,"column":8},"end":{"line":189,"column":10},"skip":true},"51":{"start":{"line":187,"column":12},"end":{"line":187,"column":94},"skip":true},"52":{"start":{"line":188,"column":12},"end":{"line":188,"column":48},"skip":true},"53":{"start":{"line":192,"column":8},"end":{"line":192,"column":35},"skip":true},"54":{"start":{"line":193,"column":8},"end":{"line":193,"column":14},"skip":true}},"branchMap":{"1":{"line":25,"type":"binary-expr","locations":[{"start":{"line":25,"column":23},"end":{"line":25,"column":62}},{"start":{"line":26,"column":20},"end":{"line":26,"column":70}},{"start":{"line":27,"column":20},"end":{"line":27,"column":71}},{"start":{"line":28,"column":20},"end":{"line":28,"column":29}}]},"2":{"line":30,"type":"binary-expr","locations":[{"start":{"line":30,"column":23},"end":{"line":30,"column":37}},{"start":{"line":31,"column":20},"end":{"line":31,"column":61}},{"start":{"line":32,"column":20},"end":{"line":32,"column":70}},{"start":{"line":33,"column":20},"end":{"line":33,"column":26}}]},"3":{"line":37,"type":"cond-expr","locations":[{"start":{"line":38,"column":14},"end":{"line":38,"column":20}},{"start":{"line":39,"column":14},"end":{"line":39,"column":20}}]},"4":{"line":40,"type":"switch","locations":[{"start":{"line":42,"column":8},"end":{"line":47,"column":18}},{"start":{"line":49,"column":8},"end":{"line":52,"column":18}}]},"5":{"line":44,"type":"binary-expr","locations":[{"start":{"line":44,"column":16},"end":{"line":44,"column":44}},{"start":{"line":44,"column":48},"end":{"line":44,"column":66}}]},"6":{"line":50,"type":"binary-expr","locations":[{"start":{"line":50,"column":21},"end":{"line":50,"column":49}},{"start":{"line":50,"column":53},"end":{"line":50,"column":72}}]},"7":{"line":64,"type":"switch","locations":[{"start":{"line":69,"column":4},"end":{"line":70,"column":14}},{"start":{"line":75,"column":4},"end":{"line":76,"column":14}}]},"8":{"line":85,"type":"switch","locations":[{"start":{"line":90,"column":4},"end":{"line":105,"column":14}},{"start":{"line":111,"column":4},"end":{"line":193,"column":14},"skip":true}]},"9":{"line":91,"type":"binary-expr","locations":[{"start":{"line":91,"column":42},"end":{"line":91,"column":73}},{"start":{"line":91,"column":77},"end":{"line":99,"column":9}}]},"10":{"line":102,"type":"binary-expr","locations":[{"start":{"line":102,"column":18},"end":{"line":102,"column":32}},{"start":{"line":103,"column":12},"end":{"line":103,"column":53}},{"start":{"line":104,"column":12},"end":{"line":104,"column":61}}]},"11":{"line":112,"type":"binary-expr","locations":[{"start":{"line":112,"column":45},"end":{"line":112,"column":79},"skip":true},{"start":{"line":112,"column":83},"end":{"line":121,"column":9},"skip":true}]},"12":{"line":123,"type":"binary-expr","locations":[{"start":{"line":123,"column":42},"end":{"line":123,"column":73},"skip":true},{"start":{"line":123,"column":77},"end":{"line":136,"column":9},"skip":true}]},"13":{"line":138,"type":"binary-expr","locations":[{"start":{"line":138,"column":48},"end":{"line":138,"column":85},"skip":true},{"start":{"line":139,"column":12},"end":{"line":145,"column":13},"skip":true}]},"14":{"line":147,"type":"binary-expr","locations":[{"start":{"line":147,"column":42},"end":{"line":147,"column":73},"skip":true},{"start":{"line":147,"column":77},"end":{"line":156,"column":9},"skip":true}]},"15":{"line":158,"type":"binary-expr","locations":[{"start":{"line":158,"column":45},"end":{"line":158,"column":79},"skip":true},{"start":{"line":158,"column":83},"end":{"line":167,"column":9},"skip":true}]},"16":{"line":169,"type":"binary-expr","locations":[{"start":{"line":169,"column":43},"end":{"line":169,"column":75},"skip":true},{"start":{"line":169,"column":79},"end":{"line":178,"column":9},"skip":true}]},"17":{"line":180,"type":"binary-expr","locations":[{"start":{"line":180,"column":41},"end":{"line":180,"column":71},"skip":true},{"start":{"line":180,"column":75},"end":{"line":189,"column":9},"skip":true}]}},"code":["/* istanbul instrument in package npmtest_react_d3 */","/*jslint","    bitwise: true,","    browser: true,","    maxerr: 8,","    maxlen: 96,","    node: true,","    nomen: true,","    regexp: true,","    stupid: true","*/","(function () {","    'use strict';","    var local;","","","","    // run shared js-env code - init-before","    (function () {","        // init local","        local = {};","        // init modeJs","        local.modeJs = (function () {","            try {","                return typeof navigator.userAgent === 'string' &&","                    typeof document.querySelector('body') === 'object' &&","                    typeof XMLHttpRequest.prototype.open === 'function' &&","                    'browser';","            } catch (errorCaughtBrowser) {","                return module.exports &&","                    typeof process.versions.node === 'string' &&","                    typeof require('http').createServer === 'function' &&","                    'node';","            }","        }());","        // init global","        local.global = local.modeJs === 'browser'","            ? window","            : global;","        switch (local.modeJs) {","        // re-init local from window.local","        case 'browser':","            local = local.global.utility2.objectSetDefault(","                local.global.utility2_rollup || local.global.local,","                local.global.utility2","            );","            break;","        // re-init local from example.js","        case 'node':","            local = (local.global.utility2_rollup || require('utility2'))","                .requireReadme();","            break;","        }","        // export local","        local.global.local = local;","    }());","","","","    // run shared js-env code - function","    (function () {","        return;","    }());","    switch (local.modeJs) {","","","","    // run browser js-env code - function","    case 'browser':","        break;","","","","    // run node js-env code - function","    case 'node':","        break;","    }","","","","    // run shared js-env code - init-after","    (function () {","        return;","    }());","    switch (local.modeJs) {","","","","    // run browser js-env code - init-after","    case 'browser':","        local.testCase_browser_nullCase = local.testCase_browser_nullCase || function (","            options,","            onError","        ) {","        /*","         * this function will test browsers's null-case handling-behavior-behavior","         */","            onError(null, options);","        };","","        // run tests","        local.nop(local.modeTest &&","            document.querySelector('#testRunButton1') &&","            document.querySelector('#testRunButton1').click());","        break;","","","","    // run node js-env code - init-after","    /* istanbul ignore next */","    case 'node':","        local.testCase_buildApidoc_default = local.testCase_buildApidoc_default || function (","            options,","            onError","        ) {","        /*","         * this function will test buildApidoc's default handling-behavior-behavior","         */","            options = { modulePathList: module.paths };","            local.buildApidoc(options, onError);","        };","","        local.testCase_buildApp_default = local.testCase_buildApp_default || function (","            options,","            onError","        ) {","        /*","         * this function will test buildApp's default handling-behavior-behavior","         */","            local.testCase_buildReadme_default(options, local.onErrorThrow);","            local.testCase_buildLib_default(options, local.onErrorThrow);","            local.testCase_buildTest_default(options, local.onErrorThrow);","            local.testCase_buildCustomOrg_default(options, local.onErrorThrow);","            options = [];","            local.buildApp(options, onError);","        };","","        local.testCase_buildCustomOrg_default = local.testCase_buildCustomOrg_default ||","            function (options, onError) {","            /*","             * this function will test buildCustomOrg's default handling-behavior","             */","                options = {};","                local.buildCustomOrg(options, onError);","            };","","        local.testCase_buildLib_default = local.testCase_buildLib_default || function (","            options,","            onError","        ) {","        /*","         * this function will test buildLib's default handling-behavior","         */","            options = {};","            local.buildLib(options, onError);","        };","","        local.testCase_buildReadme_default = local.testCase_buildReadme_default || function (","            options,","            onError","        ) {","        /*","         * this function will test buildReadme's default handling-behavior-behavior","         */","            options = {};","            local.buildReadme(options, onError);","        };","","        local.testCase_buildTest_default = local.testCase_buildTest_default || function (","            options,","            onError","        ) {","        /*","         * this function will test buildTest's default handling-behavior","         */","            options = {};","            local.buildTest(options, onError);","        };","","        local.testCase_webpage_default = local.testCase_webpage_default || function (","            options,","            onError","        ) {","        /*","         * this function will test webpage's default handling-behavior","         */","            options = { modeCoverageMerge: true, url: local.serverLocalHost + '?modeTest=1' };","            local.browserTest(options, onError);","        };","","        // run test-server","        local.testRunServer(local);","        break;","    }","}());",""],"l":{"12":2,"14":2,"19":2,"21":2,"23":2,"24":2,"25":2,"30":1,"37":2,"40":2,"43":1,"47":1,"50":1,"52":1,"55":2,"61":2,"62":2,"64":2,"70":1,"76":1,"82":2,"83":2,"85":2,"91":1,"98":1,"102":1,"105":1,"112":1,"119":1,"120":1,"123":1,"130":1,"131":1,"132":1,"133":1,"134":1,"135":1,"138":1,"143":2,"144":2,"147":1,"154":2,"155":2,"158":1,"165":2,"166":2,"169":1,"176":2,"177":2,"180":1,"187":1,"188":1,"192":1,"193":1}},"/home/travis/build/npmtest/node-npmtest-react-d3/lib.npmtest_react_d3.js":{"path":"/home/travis/build/npmtest/node-npmtest-react-d3/lib.npmtest_react_d3.js","s":{"1":2,"2":2,"3":2,"4":2,"5":2,"6":2,"7":2,"8":1,"9":2,"10":2,"11":2,"12":2,"13":1,"14":1,"15":1,"16":1},"b":{"1":[2,1,1,1],"2":[1,1,1,1],"3":[1,1],"4":[2,2],"5":[1,1]},"f":{"1":2,"2":2,"3":2},"fnMap":{"1":{"name":"(anonymous_1)","line":12,"loc":{"start":{"line":12,"column":1},"end":{"line":12,"column":13}}},"2":{"name":"(anonymous_2)","line":19,"loc":{"start":{"line":19,"column":5},"end":{"line":19,"column":17}}},"3":{"name":"(anonymous_3)","line":23,"loc":{"start":{"line":23,"column":24},"end":{"line":23,"column":36}}}},"statementMap":{"1":{"start":{"line":12,"column":0},"end":{"line":53,"column":5}},"2":{"start":{"line":14,"column":4},"end":{"line":14,"column":14}},"3":{"start":{"line":19,"column":4},"end":{"line":52,"column":9}},"4":{"start":{"line":21,"column":8},"end":{"line":21,"column":19}},"5":{"start":{"line":23,"column":8},"end":{"line":35,"column":13}},"6":{"start":{"line":24,"column":12},"end":{"line":34,"column":13}},"7":{"start":{"line":25,"column":16},"end":{"line":28,"column":30}},"8":{"start":{"line":30,"column":16},"end":{"line":33,"column":27}},"9":{"start":{"line":37,"column":8},"end":{"line":39,"column":21}},"10":{"start":{"line":41,"column":8},"end":{"line":41,"column":54}},"11":{"start":{"line":43,"column":8},"end":{"line":43,"column":53}},"12":{"start":{"line":45,"column":8},"end":{"line":51,"column":9}},"13":{"start":{"line":46,"column":12},"end":{"line":46,"column":59}},"14":{"start":{"line":48,"column":12},"end":{"line":48,"column":35}},"15":{"start":{"line":49,"column":12},"end":{"line":49,"column":49}},"16":{"start":{"line":50,"column":12},"end":{"line":50,"column":43}}},"branchMap":{"1":{"line":25,"type":"binary-expr","locations":[{"start":{"line":25,"column":23},"end":{"line":25,"column":62}},{"start":{"line":26,"column":20},"end":{"line":26,"column":70}},{"start":{"line":27,"column":20},"end":{"line":27,"column":71}},{"start":{"line":28,"column":20},"end":{"line":28,"column":29}}]},"2":{"line":30,"type":"binary-expr","locations":[{"start":{"line":30,"column":23},"end":{"line":30,"column":37}},{"start":{"line":31,"column":20},"end":{"line":31,"column":61}},{"start":{"line":32,"column":20},"end":{"line":32,"column":70}},{"start":{"line":33,"column":20},"end":{"line":33,"column":26}}]},"3":{"line":37,"type":"cond-expr","locations":[{"start":{"line":38,"column":14},"end":{"line":38,"column":20}},{"start":{"line":39,"column":14},"end":{"line":39,"column":20}}]},"4":{"line":41,"type":"binary-expr","locations":[{"start":{"line":41,"column":16},"end":{"line":41,"column":44}},{"start":{"line":41,"column":48},"end":{"line":41,"column":53}}]},"5":{"line":45,"type":"if","locations":[{"start":{"line":45,"column":8},"end":{"line":45,"column":8}},{"start":{"line":45,"column":8},"end":{"line":45,"column":8}}]}},"code":["/* istanbul instrument in package npmtest_react_d3 */","/*jslint","    bitwise: true,","    browser: true,","    maxerr: 8,","    maxlen: 96,","    node: true,","    nomen: true,","    regexp: true,","    stupid: true","*/","(function () {","    'use strict';","    var local;","","","","    // run shared js-env code - init-before","    (function () {","        // init local","        local = {};","        // init modeJs","        local.modeJs = (function () {","            try {","                return typeof navigator.userAgent === 'string' &&","                    typeof document.querySelector('body') === 'object' &&","                    typeof XMLHttpRequest.prototype.open === 'function' &&","                    'browser';","            } catch (errorCaughtBrowser) {","                return module.exports &&","                    typeof process.versions.node === 'string' &&","                    typeof require('http').createServer === 'function' &&","                    'node';","            }","        }());","        // init global","        local.global = local.modeJs === 'browser'","            ? window","            : global;","        // init utility2_rollup","        local = local.global.utility2_rollup || local;","        // init lib","        local.local = local.npmtest_react_d3 = local;","        // init exports","        if (local.modeJs === 'browser') {","            local.global.utility2_npmtest_react_d3 = local;","        } else {","            module.exports = local;","            module.exports.__dirname = __dirname;","            module.exports.module = module;","        }","    }());","}());",""],"l":{"12":2,"14":2,"19":2,"21":2,"23":2,"24":2,"25":2,"30":1,"37":2,"41":2,"43":2,"45":2,"46":1,"48":1,"49":1,"50":1}},"/home/travis/build/npmtest/node-npmtest-react-d3/example.js":{"path":"/home/travis/build/npmtest/node-npmtest-react-d3/example.js","s":{"1":2,"2":2,"3":2,"4":2,"5":2,"6":2,"7":2,"8":1,"9":2,"10":2,"11":2,"12":2,"13":1,"14":2,"15":2,"16":2,"17":2,"18":2,"19":0,"20":2,"21":1,"22":1,"23":1,"24":1,"25":1,"26":0,"27":0,"28":1,"29":1,"30":2,"31":0,"32":0,"33":0,"34":1,"35":2,"36":2,"37":3,"38":3,"39":3,"40":3,"41":0,"42":3,"43":3,"44":3,"45":1,"46":3,"47":1,"48":1,"49":1,"50":1,"51":1,"52":1,"53":1,"54":1,"55":1,"56":1,"57":0,"58":1,"59":6,"60":6,"61":1,"62":2,"63":0,"64":2,"65":1,"66":1,"67":0,"68":0,"69":0,"70":0,"71":0,"72":0,"73":0,"74":0,"75":0,"76":0,"77":0,"78":0,"79":0,"80":0,"81":0,"82":0,"83":0},"b":{"1":[2,1,1,1],"2":[1,1,1,1],"3":[1,1],"4":[2,2],"5":[1,1],"6":[1,1],"7":[2,0],"8":[2,1,1,1,1,1],"9":[0,2,0],"10":[1,1],"11":[2,1,1],"12":[1,0],"13":[0,2],"14":[2,0,0,0,0,0,0],"15":[0,3],"16":[3,0],"17":[1,1],"18":[0,1],"19":[1,2,0,2],"20":[1,0],"21":[1,1],"22":[0,0],"23":[0,0],"24":[0,0],"25":[0,0],"26":[0,0],"27":[0,0],"28":[0,0]},"f":{"1":2,"2":2,"3":2,"4":2,"5":2,"6":2,"7":3,"8":3,"9":3,"10":1,"11":6,"12":0},"fnMap":{"1":{"name":"(anonymous_1)","line":26,"loc":{"start":{"line":26,"column":1},"end":{"line":26,"column":13}}},"2":{"name":"(anonymous_2)","line":33,"loc":{"start":{"line":33,"column":5},"end":{"line":33,"column":17}}},"3":{"name":"(anonymous_3)","line":37,"loc":{"start":{"line":37,"column":24},"end":{"line":37,"column":36}}},"4":{"name":"(anonymous_4)","line":69,"loc":{"start":{"line":69,"column":31},"end":{"line":69,"column":48}},"skip":true},"5":{"name":"(anonymous_5)","line":78,"loc":{"start":{"line":78,"column":26},"end":{"line":78,"column":45}},"skip":true},"6":{"name":"(anonymous_6)","line":123,"loc":{"start":{"line":123,"column":33},"end":{"line":123,"column":48}},"skip":true},"7":{"name":"(anonymous_7)","line":125,"loc":{"start":{"line":125,"column":27},"end":{"line":125,"column":39}},"skip":true},"8":{"name":"(anonymous_8)","line":133,"loc":{"start":{"line":133,"column":59},"end":{"line":133,"column":74}},"skip":true},"9":{"name":"(anonymous_9)","line":143,"loc":{"start":{"line":143,"column":45},"end":{"line":143,"column":62}},"skip":true},"10":{"name":"(anonymous_10)","line":144,"loc":{"start":{"line":144,"column":73},"end":{"line":144,"column":92}},"skip":true},"11":{"name":"(anonymous_11)","line":272,"loc":{"start":{"line":272,"column":51},"end":{"line":272,"column":77}},"skip":true},"12":{"name":"(anonymous_12)","line":315,"loc":{"start":{"line":315,"column":32},"end":{"line":315,"column":61}},"skip":true}},"statementMap":{"1":{"start":{"line":26,"column":0},"end":{"line":326,"column":5}},"2":{"start":{"line":28,"column":4},"end":{"line":28,"column":14}},"3":{"start":{"line":33,"column":4},"end":{"line":60,"column":9}},"4":{"start":{"line":35,"column":8},"end":{"line":35,"column":19}},"5":{"start":{"line":37,"column":8},"end":{"line":49,"column":13}},"6":{"start":{"line":38,"column":12},"end":{"line":48,"column":13}},"7":{"start":{"line":39,"column":16},"end":{"line":42,"column":30}},"8":{"start":{"line":44,"column":16},"end":{"line":47,"column":27}},"9":{"start":{"line":51,"column":8},"end":{"line":53,"column":21}},"10":{"start":{"line":55,"column":8},"end":{"line":57,"column":45}},"11":{"start":{"line":59,"column":8},"end":{"line":59,"column":35}},"12":{"start":{"line":61,"column":4},"end":{"line":325,"column":5}},"13":{"start":{"line":69,"column":8},"end":{"line":121,"column":10},"skip":true},"14":{"start":{"line":70,"column":12},"end":{"line":88,"column":13},"skip":true},"15":{"start":{"line":76,"column":16},"end":{"line":87,"column":19},"skip":true},"16":{"start":{"line":79,"column":20},"end":{"line":86,"column":21},"skip":true},"17":{"start":{"line":82,"column":24},"end":{"line":82,"column":43},"skip":true},"18":{"start":{"line":83,"column":24},"end":{"line":83,"column":30},"skip":true},"19":{"start":{"line":85,"column":24},"end":{"line":85,"column":49},"skip":true},"20":{"start":{"line":89,"column":12},"end":{"line":107,"column":13},"skip":true},"21":{"start":{"line":92,"column":16},"end":{"line":102,"column":17},"skip":true},"22":{"start":{"line":93,"column":20},"end":{"line":93,"column":86},"skip":true},"23":{"start":{"line":94,"column":20},"end":{"line":95,"column":45},"skip":true},"24":{"start":{"line":96,"column":20},"end":{"line":96,"column":42},"skip":true},"25":{"start":{"line":97,"column":20},"end":{"line":97,"column":48},"skip":true},"26":{"start":{"line":100,"column":20},"end":{"line":100,"column":85},"skip":true},"27":{"start":{"line":101,"column":20},"end":{"line":101,"column":96},"skip":true},"28":{"start":{"line":103,"column":16},"end":{"line":103,"column":22},"skip":true},"29":{"start":{"line":106,"column":16},"end":{"line":106,"column":22},"skip":true},"30":{"start":{"line":108,"column":12},"end":{"line":120,"column":13},"skip":true},"31":{"start":{"line":114,"column":16},"end":{"line":119,"column":17},"skip":true},"32":{"start":{"line":116,"column":20},"end":{"line":116,"column":78},"skip":true},"33":{"start":{"line":118,"column":20},"end":{"line":118,"column":47},"skip":true},"34":{"start":{"line":123,"column":8},"end":{"line":141,"column":11},"skip":true},"35":{"start":{"line":124,"column":12},"end":{"line":124,"column":54},"skip":true},"36":{"start":{"line":125,"column":12},"end":{"line":140,"column":14},"skip":true},"37":{"start":{"line":126,"column":16},"end":{"line":126,"column":28},"skip":true},"38":{"start":{"line":127,"column":16},"end":{"line":127,"column":69},"skip":true},"39":{"start":{"line":128,"column":16},"end":{"line":128,"column":75},"skip":true},"40":{"start":{"line":129,"column":16},"end":{"line":131,"column":17},"skip":true},"41":{"start":{"line":130,"column":20},"end":{"line":130,"column":27},"skip":true},"42":{"start":{"line":133,"column":16},"end":{"line":137,"column":36},"skip":true},"43":{"start":{"line":134,"column":20},"end":{"line":136,"column":55},"skip":true},"44":{"start":{"line":139,"column":16},"end":{"line":139,"column":57},"skip":true},"45":{"start":{"line":143,"column":8},"end":{"line":147,"column":11},"skip":true},"46":{"start":{"line":144,"column":12},"end":{"line":146,"column":15},"skip":true},"47":{"start":{"line":145,"column":16},"end":{"line":145,"column":70},"skip":true},"48":{"start":{"line":149,"column":8},"end":{"line":149,"column":31},"skip":true},"49":{"start":{"line":150,"column":8},"end":{"line":150,"column":14},"skip":true},"50":{"start":{"line":158,"column":8},"end":{"line":158,"column":31},"skip":true},"51":{"start":{"line":160,"column":8},"end":{"line":160,"column":33},"skip":true},"52":{"start":{"line":161,"column":8},"end":{"line":161,"column":37},"skip":true},"53":{"start":{"line":162,"column":8},"end":{"line":162,"column":35},"skip":true},"54":{"start":{"line":164,"column":8},"end":{"line":164,"column":50},"skip":true},"55":{"start":{"line":166,"column":8},"end":{"line":256,"column":2},"skip":true},"56":{"start":{"line":258,"column":8},"end":{"line":286,"column":9},"skip":true},"57":{"start":{"line":259,"column":12},"end":{"line":269,"column":14},"skip":true},"58":{"start":{"line":271,"column":12},"end":{"line":285,"column":19},"skip":true},"59":{"start":{"line":274,"column":20},"end":{"line":274,"column":35},"skip":true},"60":{"start":{"line":275,"column":20},"end":{"line":284,"column":21},"skip":true},"61":{"start":{"line":277,"column":24},"end":{"line":277,"column":64},"skip":true},"62":{"start":{"line":279,"column":24},"end":{"line":279,"column":40},"skip":true},"63":{"start":{"line":281,"column":24},"end":{"line":281,"column":40},"skip":true},"64":{"start":{"line":283,"column":24},"end":{"line":283,"column":39},"skip":true},"65":{"start":{"line":288,"column":8},"end":{"line":290,"column":9},"skip":true},"66":{"start":{"line":289,"column":12},"end":{"line":289,"column":18},"skip":true},"67":{"start":{"line":291,"column":8},"end":{"line":293,"column":54},"skip":true},"68":{"start":{"line":296,"column":8},"end":{"line":301,"column":37},"skip":true},"69":{"start":{"line":303,"column":8},"end":{"line":303,"column":82},"skip":true},"70":{"start":{"line":306,"column":8},"end":{"line":308,"column":9},"skip":true},"71":{"start":{"line":307,"column":12},"end":{"line":307,"column":82},"skip":true},"72":{"start":{"line":310,"column":8},"end":{"line":312,"column":9},"skip":true},"73":{"start":{"line":311,"column":12},"end":{"line":311,"column":18},"skip":true},"74":{"start":{"line":313,"column":8},"end":{"line":313,"column":54},"skip":true},"75":{"start":{"line":314,"column":8},"end":{"line":314,"column":69},"skip":true},"76":{"start":{"line":315,"column":8},"end":{"line":323,"column":36},"skip":true},"77":{"start":{"line":316,"column":12},"end":{"line":316,"column":61},"skip":true},"78":{"start":{"line":317,"column":12},"end":{"line":320,"column":13},"skip":true},"79":{"start":{"line":318,"column":16},"end":{"line":318,"column":75},"skip":true},"80":{"start":{"line":319,"column":16},"end":{"line":319,"column":23},"skip":true},"81":{"start":{"line":321,"column":12},"end":{"line":321,"column":38},"skip":true},"82":{"start":{"line":322,"column":12},"end":{"line":322,"column":27},"skip":true},"83":{"start":{"line":324,"column":8},"end":{"line":324,"column":14},"skip":true}},"branchMap":{"1":{"line":39,"type":"binary-expr","locations":[{"start":{"line":39,"column":23},"end":{"line":39,"column":62}},{"start":{"line":40,"column":20},"end":{"line":40,"column":70}},{"start":{"line":41,"column":20},"end":{"line":41,"column":71}},{"start":{"line":42,"column":20},"end":{"line":42,"column":29}}]},"2":{"line":44,"type":"binary-expr","locations":[{"start":{"line":44,"column":23},"end":{"line":44,"column":37}},{"start":{"line":45,"column":20},"end":{"line":45,"column":61}},{"start":{"line":46,"column":20},"end":{"line":46,"column":70}},{"start":{"line":47,"column":20},"end":{"line":47,"column":26}}]},"3":{"line":51,"type":"cond-expr","locations":[{"start":{"line":52,"column":14},"end":{"line":52,"column":20}},{"start":{"line":53,"column":14},"end":{"line":53,"column":20}}]},"4":{"line":55,"type":"binary-expr","locations":[{"start":{"line":55,"column":16},"end":{"line":55,"column":44}},{"start":{"line":55,"column":49},"end":{"line":57,"column":43}}]},"5":{"line":55,"type":"cond-expr","locations":[{"start":{"line":56,"column":14},"end":{"line":56,"column":52}},{"start":{"line":57,"column":14},"end":{"line":57,"column":43}}]},"6":{"line":61,"type":"switch","locations":[{"start":{"line":68,"column":4},"end":{"line":150,"column":14},"skip":true},{"start":{"line":156,"column":4},"end":{"line":324,"column":14},"skip":true}]},"7":{"line":70,"type":"if","locations":[{"start":{"line":70,"column":12},"end":{"line":70,"column":12},"skip":true},{"start":{"line":70,"column":12},"end":{"line":70,"column":12},"skip":true}]},"8":{"line":70,"type":"binary-expr","locations":[{"start":{"line":70,"column":16},"end":{"line":70,"column":22},"skip":true},{"start":{"line":70,"column":27},"end":{"line":70,"column":32},"skip":true},{"start":{"line":71,"column":20},"end":{"line":71,"column":39},"skip":true},{"start":{"line":72,"column":20},"end":{"line":72,"column":49},"skip":true},{"start":{"line":73,"column":20},"end":{"line":73,"column":58},"skip":true},{"start":{"line":74,"column":20},"end":{"line":74,"column":69},"skip":true}]},"9":{"line":79,"type":"switch","locations":[{"start":{"line":80,"column":20},"end":{"line":80,"column":33},"skip":true},{"start":{"line":81,"column":20},"end":{"line":83,"column":30},"skip":true},{"start":{"line":84,"column":20},"end":{"line":85,"column":49},"skip":true}]},"10":{"line":89,"type":"switch","locations":[{"start":{"line":90,"column":12},"end":{"line":103,"column":22},"skip":true},{"start":{"line":105,"column":12},"end":{"line":106,"column":22},"skip":true}]},"11":{"line":89,"type":"binary-expr","locations":[{"start":{"line":89,"column":20},"end":{"line":89,"column":25},"skip":true},{"start":{"line":89,"column":29},"end":{"line":89,"column":48},"skip":true},{"start":{"line":89,"column":52},"end":{"line":89,"column":74},"skip":true}]},"12":{"line":92,"type":"if","locations":[{"start":{"line":92,"column":16},"end":{"line":92,"column":16},"skip":true},{"start":{"line":92,"column":16},"end":{"line":92,"column":16},"skip":true}]},"13":{"line":108,"type":"if","locations":[{"start":{"line":108,"column":12},"end":{"line":108,"column":12},"skip":true},{"start":{"line":108,"column":12},"end":{"line":108,"column":12},"skip":true}]},"14":{"line":108,"type":"binary-expr","locations":[{"start":{"line":108,"column":16},"end":{"line":108,"column":61},"skip":true},{"start":{"line":108,"column":66},"end":{"line":108,"column":72},"skip":true},{"start":{"line":108,"column":77},"end":{"line":108,"column":82},"skip":true},{"start":{"line":109,"column":20},"end":{"line":109,"column":39},"skip":true},{"start":{"line":110,"column":20},"end":{"line":110,"column":49},"skip":true},{"start":{"line":111,"column":20},"end":{"line":111,"column":58},"skip":true},{"start":{"line":112,"column":20},"end":{"line":112,"column":68},"skip":true}]},"15":{"line":129,"type":"if","locations":[{"start":{"line":129,"column":16},"end":{"line":129,"column":16},"skip":true},{"start":{"line":129,"column":16},"end":{"line":129,"column":16},"skip":true}]},"16":{"line":134,"type":"cond-expr","locations":[{"start":{"line":135,"column":26},"end":{"line":135,"column":29},"skip":true},{"start":{"line":136,"column":26},"end":{"line":136,"column":54},"skip":true}]},"17":{"line":164,"type":"binary-expr","locations":[{"start":{"line":164,"column":27},"end":{"line":164,"column":43},"skip":true},{"start":{"line":164,"column":47},"end":{"line":164,"column":49},"skip":true}]},"18":{"line":258,"type":"if","locations":[{"start":{"line":258,"column":8},"end":{"line":258,"column":8},"skip":true},{"start":{"line":258,"column":8},"end":{"line":258,"column":8},"skip":true}]},"19":{"line":275,"type":"switch","locations":[{"start":{"line":276,"column":20},"end":{"line":277,"column":64},"skip":true},{"start":{"line":278,"column":20},"end":{"line":279,"column":40},"skip":true},{"start":{"line":280,"column":20},"end":{"line":281,"column":40},"skip":true},{"start":{"line":282,"column":20},"end":{"line":283,"column":39},"skip":true}]},"20":{"line":288,"type":"if","locations":[{"start":{"line":288,"column":8},"end":{"line":288,"column":8},"skip":true},{"start":{"line":288,"column":8},"end":{"line":288,"column":8},"skip":true}]},"21":{"line":288,"type":"binary-expr","locations":[{"start":{"line":288,"column":12},"end":{"line":288,"column":40},"skip":true},{"start":{"line":288,"column":44},"end":{"line":288,"column":67},"skip":true}]},"22":{"line":292,"type":"binary-expr","locations":[{"start":{"line":292,"column":12},"end":{"line":292,"column":50},"skip":true},{"start":{"line":293,"column":12},"end":{"line":293,"column":53},"skip":true}]},"23":{"line":297,"type":"binary-expr","locations":[{"start":{"line":297,"column":12},"end":{"line":297,"column":66},"skip":true},{"start":{"line":298,"column":12},"end":{"line":301,"column":36},"skip":true}]},"24":{"line":303,"type":"binary-expr","locations":[{"start":{"line":303,"column":43},"end":{"line":303,"column":75},"skip":true},{"start":{"line":303,"column":79},"end":{"line":303,"column":81},"skip":true}]},"25":{"line":306,"type":"if","locations":[{"start":{"line":306,"column":8},"end":{"line":306,"column":8},"skip":true},{"start":{"line":306,"column":8},"end":{"line":306,"column":8},"skip":true}]},"26":{"line":310,"type":"if","locations":[{"start":{"line":310,"column":8},"end":{"line":310,"column":8},"skip":true},{"start":{"line":310,"column":8},"end":{"line":310,"column":8},"skip":true}]},"27":{"line":313,"type":"binary-expr","locations":[{"start":{"line":313,"column":27},"end":{"line":313,"column":43},"skip":true},{"start":{"line":313,"column":47},"end":{"line":313,"column":53},"skip":true}]},"28":{"line":317,"type":"if","locations":[{"start":{"line":317,"column":12},"end":{"line":317,"column":12},"skip":true},{"start":{"line":317,"column":12},"end":{"line":317,"column":12},"skip":true}]}},"code":["/*","example.js","","quickstart example","","instruction","    1. save this script as example.js","    2. run the shell command:","        $ npm install npmtest-react-d3 && PORT=8081 node example.js","    3. play with the browser-demo on http://127.0.0.1:8081","*/","","","","/* istanbul instrument in package npmtest_react_d3 */","/*jslint","    bitwise: true,","    browser: true,","    maxerr: 8,","    maxlen: 96,","    node: true,","    nomen: true,","    regexp: true,","    stupid: true","*/","(function () {","    'use strict';","    var local;","","","","    // run shared js-env code - init-before","    (function () {","        // init local","        local = {};","        // init modeJs","        local.modeJs = (function () {","            try {","                return typeof navigator.userAgent === 'string' &&","                    typeof document.querySelector('body') === 'object' &&","                    typeof XMLHttpRequest.prototype.open === 'function' &&","                    'browser';","            } catch (errorCaughtBrowser) {","                return module.exports &&","                    typeof process.versions.node === 'string' &&","                    typeof require('http').createServer === 'function' &&","                    'node';","            }","        }());","        // init global","        local.global = local.modeJs === 'browser'","            ? window","            : global;","        // init utility2_rollup","        local = local.global.utility2_rollup || (local.modeJs === 'browser'","            ? local.global.utility2_npmtest_react_d3","            : global.utility2_moduleExports);","        // export local","        local.global.local = local;","    }());","    switch (local.modeJs) {","","","","    // init-after","    // run browser js-env code - init-after","    /* istanbul ignore next */","    case 'browser':","        local.testRunBrowser = function (event) {","            if (!event || (event &&","                    event.currentTarget &&","                    event.currentTarget.className &&","                    event.currentTarget.className.includes &&","                    event.currentTarget.className.includes('onreset'))) {","                // reset output","                Array.from(","                    document.querySelectorAll('body > .resettable')","                ).forEach(function (element) {","                    switch (element.tagName) {","                    case 'INPUT':","                    case 'TEXTAREA':","                        element.value = '';","                        break;","                    default:","                        element.textContent = '';","                    }","                });","            }","            switch (event && event.currentTarget && event.currentTarget.id) {","            case 'testRunButton1':","                // show tests","                if (document.querySelector('#testReportDiv1').style.display === 'none') {","                    document.querySelector('#testReportDiv1').style.display = 'block';","                    document.querySelector('#testRunButton1').textContent =","                        'hide internal test';","                    local.modeTest = true;","                    local.testRunDefault(local);","                // hide tests","                } else {","                    document.querySelector('#testReportDiv1').style.display = 'none';","                    document.querySelector('#testRunButton1').textContent = 'run internal test';","                }","                break;","            // custom-case","            default:","                break;","            }","            if (document.querySelector('#inputTextareaEval1') && (!event || (event &&","                    event.currentTarget &&","                    event.currentTarget.className &&","                    event.currentTarget.className.includes &&","                    event.currentTarget.className.includes('oneval')))) {","                // try to eval input-code","                try {","                    /*jslint evil: true*/","                    eval(document.querySelector('#inputTextareaEval1').value);","                } catch (errorCaught) {","                    console.error(errorCaught);","                }","            }","        };","        // log stderr and stdout to #outputTextareaStdout1","        ['error', 'log'].forEach(function (key) {","            console[key + '_original'] = console[key];","            console[key] = function () {","                var element;","                console[key + '_original'].apply(console, arguments);","                element = document.querySelector('#outputTextareaStdout1');","                if (!element) {","                    return;","                }","                // append text to #outputTextareaStdout1","                element.value += Array.from(arguments).map(function (arg) {","                    return typeof arg === 'string'","                        ? arg","                        : JSON.stringify(arg, null, 4);","                }).join(' ') + '\\n';","                // scroll textarea to bottom","                element.scrollTop = element.scrollHeight;","            };","        });","        // init event-handling","        ['change', 'click', 'keyup'].forEach(function (event) {","            Array.from(document.querySelectorAll('.on' + event)).forEach(function (element) {","                element.addEventListener(event, local.testRunBrowser);","            });","        });","        // run tests","        local.testRunBrowser();","        break;","","","","    // run node js-env code - init-after","    /* istanbul ignore next */","    case 'node':","        // export local","        module.exports = local;","        // require modules","        local.fs = require('fs');","        local.http = require('http');","        local.url = require('url');","        // init assets","        local.assetsDict = local.assetsDict || {};","        /* jslint-ignore-begin */","        local.assetsDict['/assets.index.template.html'] = '\\","<!doctype html>\\n\\","<html lang=\"en\">\\n\\","<head>\\n\\","<meta charset=\"UTF-8\">\\n\\","<meta name=\"viewport\" content=\"width=device-width, initial-scale=1\">\\n\\","<title>{{env.npm_package_name}} (v{{env.npm_package_version}})</title>\\n\\","<style>\\n\\","/*csslint\\n\\","    box-sizing: false,\\n\\","    universal-selector: false\\n\\","*/\\n\\","* {\\n\\","    box-sizing: border-box;\\n\\","}\\n\\","body {\\n\\","    background: #dde;\\n\\","    font-family: Arial, Helvetica, sans-serif;\\n\\","    margin: 2rem;\\n\\","}\\n\\","body > * {\\n\\","    margin-bottom: 1rem;\\n\\","}\\n\\",".utility2FooterDiv {\\n\\","    margin-top: 20px;\\n\\","    text-align: center;\\n\\","}\\n\\","</style>\\n\\","<style>\\n\\","/*csslint\\n\\","*/\\n\\","textarea {\\n\\","    font-family: monospace;\\n\\","    height: 10rem;\\n\\","    width: 100%;\\n\\","}\\n\\","textarea[readonly] {\\n\\","    background: #ddd;\\n\\","}\\n\\","</style>\\n\\","</head>\\n\\","<body>\\n\\","<!-- utility2-comment\\n\\","<div id=\"ajaxProgressDiv1\" style=\"background: #d00; height: 2px; left: 0; margin: 0; padding: 0; position: fixed; top: 0; transition: background 0.5s, width 1.5s; width: 25%;\"></div>\\n\\","utility2-comment -->\\n\\","<h1>\\n\\","<!-- utility2-comment\\n\\","    <a\\n\\","        {{#if env.npm_package_homepage}}\\n\\","        href=\"{{env.npm_package_homepage}}\"\\n\\","        {{/if env.npm_package_homepage}}\\n\\","        target=\"_blank\"\\n\\","    >\\n\\","utility2-comment -->\\n\\","        {{env.npm_package_name}} (v{{env.npm_package_version}})\\n\\","<!-- utility2-comment\\n\\","    </a>\\n\\","utility2-comment -->\\n\\","</h1>\\n\\","<h3>{{env.npm_package_description}}</h3>\\n\\","<!-- utility2-comment\\n\\","<h4><a download href=\"assets.app.js\">download standalone app</a></h4>\\n\\","<button class=\"onclick onreset\" id=\"testRunButton1\">run internal test</button><br>\\n\\","<div id=\"testReportDiv1\" style=\"display: none;\"></div>\\n\\","utility2-comment -->\\n\\","\\n\\","\\n\\","\\n\\","<label>stderr and stdout</label>\\n\\","<textarea class=\"resettable\" id=\"outputTextareaStdout1\" readonly></textarea>\\n\\","<!-- utility2-comment\\n\\","{{#if isRollup}}\\n\\","<script src=\"assets.app.js\"></script>\\n\\","{{#unless isRollup}}\\n\\","utility2-comment -->\\n\\","<script src=\"assets.utility2.rollup.js\"></script>\\n\\","<script src=\"jsonp.utility2._stateInit?callback=window.utility2._stateInit\"></script>\\n\\","<script src=\"assets.npmtest_react_d3.rollup.js\"></script>\\n\\","<script src=\"assets.example.js\"></script>\\n\\","<script src=\"assets.test.js\"></script>\\n\\","<!-- utility2-comment\\n\\","{{/if isRollup}}\\n\\","utility2-comment -->\\n\\","<div class=\"utility2FooterDiv\">\\n\\","    [ this app was created with\\n\\","    <a href=\"https://github.com/kaizhu256/node-utility2\" target=\"_blank\">utility2</a>\\n\\","    ]\\n\\","</div>\\n\\","</body>\\n\\","</html>\\n\\","';","        /* jslint-ignore-end */","        if (local.templateRender) {","            local.assetsDict['/'] = local.templateRender(","                local.assetsDict['/assets.index.template.html'],","                {","                    env: local.objectSetDefault(local.env, {","                        npm_package_description: 'the greatest app in the world!',","                        npm_package_name: 'my-app',","                        npm_package_nameAlias: 'my_app',","                        npm_package_version: '0.0.1'","                    })","                }","            );","        } else {","            local.assetsDict['/'] = local.assetsDict['/assets.index.template.html']","                .replace((/\\{\\{env\\.(\\w+?)\\}\\}/g), function (match0, match1) {","                    // jslint-hack","                    String(match0);","                    switch (match1) {","                    case 'npm_package_description':","                        return 'the greatest app in the world!';","                    case 'npm_package_name':","                        return 'my-app';","                    case 'npm_package_nameAlias':","                        return 'my_app';","                    case 'npm_package_version':","                        return '0.0.1';","                    }","                });","        }","        // run the cli","        if (local.global.utility2_rollup || module !== require.main) {","            break;","        }","        local.assetsDict['/assets.example.js'] =","            local.assetsDict['/assets.example.js'] ||","            local.fs.readFileSync(__filename, 'utf8');","        // bug-workaround - long $npm_package_buildCustomOrg","        /* jslint-ignore-begin */","        local.assetsDict['/assets.npmtest_react_d3.rollup.js'] =","            local.assetsDict['/assets.npmtest_react_d3.rollup.js'] ||","            local.fs.readFileSync(","                local.npmtest_react_d3.__dirname + '/lib.npmtest_react_d3.js',","                'utf8'","            ).replace((/^#!/), '//');","        /* jslint-ignore-end */","        local.assetsDict['/favicon.ico'] = local.assetsDict['/favicon.ico'] || '';","        // if $npm_config_timeout_exit exists,","        // then exit this process after $npm_config_timeout_exit ms","        if (Number(process.env.npm_config_timeout_exit)) {","            setTimeout(process.exit, Number(process.env.npm_config_timeout_exit));","        }","        // start server","        if (local.global.utility2_serverHttp1) {","            break;","        }","        process.env.PORT = process.env.PORT || '8081';","        console.error('server starting on port ' + process.env.PORT);","        local.http.createServer(function (request, response) {","            request.urlParsed = local.url.parse(request.url);","            if (local.assetsDict[request.urlParsed.pathname] !== undefined) {","                response.end(local.assetsDict[request.urlParsed.pathname]);","                return;","            }","            response.statusCode = 404;","            response.end();","        }).listen(process.env.PORT);","        break;","    }","}());",""],"l":{"26":2,"28":2,"33":2,"35":2,"37":2,"38":2,"39":2,"44":1,"51":2,"55":2,"59":2,"61":2,"69":1,"70":2,"76":2,"79":2,"82":2,"83":2,"85":1,"89":2,"92":1,"93":1,"94":1,"96":1,"97":1,"100":1,"101":1,"103":1,"106":1,"108":2,"114":1,"116":1,"118":1,"123":1,"124":2,"125":2,"126":3,"127":3,"128":3,"129":3,"130":1,"133":3,"134":3,"139":3,"143":1,"144":3,"145":1,"149":1,"150":1,"158":1,"160":1,"161":1,"162":1,"164":1,"166":1,"258":1,"259":1,"271":1,"274":6,"275":6,"277":1,"279":2,"281":1,"283":2,"288":1,"289":1,"291":1,"296":1,"303":1,"306":1,"307":1,"310":1,"311":1,"313":1,"314":1,"315":1,"316":1,"317":1,"318":1,"319":1,"321":1,"322":1,"324":1}},"/home/travis/build/npmtest/node-npmtest-react-d3/node_modules/react-d3/index.js":{"path":"/home/travis/build/npmtest/node-npmtest-react-d3/node_modules/react-d3/index.js","s":{"1":1,"2":1,"3":1,"4":1,"5":1,"6":1,"7":1},"b":{},"f":{},"fnMap":{},"statementMap":{"1":{"start":{"line":1,"column":0},"end":{"line":1,"column":50}},"2":{"start":{"line":2,"column":0},"end":{"line":2,"column":53}},"3":{"start":{"line":3,"column":0},"end":{"line":3,"column":50}},"4":{"start":{"line":4,"column":0},"end":{"line":4,"column":53}},"5":{"start":{"line":5,"column":0},"end":{"line":5,"column":47}},"6":{"start":{"line":6,"column":0},"end":{"line":6,"column":62}},"7":{"start":{"line":7,"column":0},"end":{"line":7,"column":69}}},"branchMap":{},"code":["exports.BarChart = require('./barchart').BarChart;","exports.LineChart = require('./linechart').LineChart;","exports.PieChart = require('./piechart').PieChart;","exports.AreaChart = require('./areachart').AreaChart;","exports.Treemap = require('./treemap').Treemap;","exports.ScatterChart = require('./scatterchart').ScatterChart;","exports.CandlestickChart = require('./candlestick').CandlestickChart;","",""],"l":{"1":1,"2":1,"3":1,"4":1,"5":1,"6":1,"7":1}},"/home/travis/build/npmtest/node-npmtest-react-d3/node_modules/react-d3/barchart/index.js":{"path":"/home/travis/build/npmtest/node-npmtest-react-d3/node_modules/react-d3/barchart/index.js","s":{"1":1},"b":{},"f":{},"fnMap":{},"statementMap":{"1":{"start":{"line":2,"column":0},"end":{"line":2,"column":41}}},"branchMap":{},"code":["","exports.BarChart = require('./BarChart');",""],"l":{"2":1}},"/home/travis/build/npmtest/node-npmtest-react-d3/node_modules/react-d3/barchart/BarChart.js":{"path":"/home/travis/build/npmtest/node-npmtest-react-d3/node_modules/react-d3/barchart/BarChart.js","s":{"1":1,"2":1,"3":1,"4":1,"5":1,"6":1,"7":1,"8":1,"9":0,"10":0,"11":0,"12":0,"13":0,"14":0,"15":0,"16":0,"17":0,"18":0,"19":0,"20":0,"21":0,"22":0,"23":0,"24":0,"25":0,"26":0},"b":{},"f":{"1":1,"2":0,"3":0,"4":0,"5":0,"6":0,"7":0,"8":0},"fnMap":{"1":{"name":"(anonymous_1)","line":34,"loc":{"start":{"line":34,"column":18},"end":{"line":34,"column":29}}},"2":{"name":"(anonymous_2)","line":41,"loc":{"start":{"line":41,"column":30},"end":{"line":41,"column":43}}},"3":{"name":"(anonymous_3)","line":48,"loc":{"start":{"line":48,"column":24},"end":{"line":48,"column":40}}},"4":{"name":"(anonymous_4)","line":52,"loc":{"start":{"line":52,"column":25},"end":{"line":52,"column":37}}},"5":{"name":"(anonymous_5)","line":53,"loc":{"start":{"line":53,"column":39},"end":{"line":53,"column":51}}},"6":{"name":"(anonymous_6)","line":60,"loc":{"start":{"line":60,"column":13},"end":{"line":60,"column":35}}},"7":{"name":"(anonymous_7)","line":66,"loc":{"start":{"line":66,"column":9},"end":{"line":66,"column":20}}},"8":{"name":"(anonymous_8)","line":75,"loc":{"start":{"line":75,"column":9},"end":{"line":75,"column":20}}}},"statementMap":{"1":{"start":{"line":3,"column":0},"end":{"line":3,"column":29}},"2":{"start":{"line":4,"column":0},"end":{"line":4,"column":23}},"3":{"start":{"line":5,"column":0},"end":{"line":5,"column":41}},"4":{"start":{"line":6,"column":0},"end":{"line":6,"column":32}},"5":{"start":{"line":8,"column":0},"end":{"line":8,"column":87}},"6":{"start":{"line":9,"column":0},"end":{"line":9,"column":121}},"7":{"start":{"line":11,"column":0},"end":{"line":161,"column":3}},"8":{"start":{"line":35,"column":4},"end":{"line":45,"column":6}},"9":{"start":{"line":41,"column":44},"end":{"line":41,"column":60}},"10":{"start":{"line":51,"column":4},"end":{"line":51,"column":63}},"11":{"start":{"line":52,"column":4},"end":{"line":57,"column":7}},"12":{"start":{"line":53,"column":6},"end":{"line":56,"column":9}},"13":{"start":{"line":55,"column":8},"end":{"line":55,"column":26}},"14":{"start":{"line":62,"column":4},"end":{"line":62,"column":89}},"15":{"start":{"line":63,"column":4},"end":{"line":63,"column":54}},"16":{"start":{"line":67,"column":4},"end":{"line":67,"column":145}},"17":{"start":{"line":68,"column":4},"end":{"line":72,"column":44}},"18":{"start":{"line":77,"column":4},"end":{"line":77,"column":27}},"19":{"start":{"line":79,"column":4},"end":{"line":79,"column":42}},"20":{"start":{"line":81,"column":4},"end":{"line":81,"column":32}},"21":{"start":{"line":83,"column":4},"end":{"line":83,"column":70}},"22":{"start":{"line":84,"column":4},"end":{"line":84,"column":68}},"23":{"start":{"line":86,"column":4},"end":{"line":88,"column":70}},"24":{"start":{"line":90,"column":4},"end":{"line":92,"column":54}},"25":{"start":{"line":94,"column":4},"end":{"line":94,"column":74}},"26":{"start":{"line":96,"column":4},"end":{"line":158,"column":6}}},"branchMap":{},"code":["'use strict';","","var React = require('react');","var d3 = require('d3');","var DataSeries = require('./DataSeries');","var utils = require('../utils');","","var $__0=      require('../common'),Chart=$__0.Chart,XAxis=$__0.XAxis,YAxis=$__0.YAxis;","var $__1=     require('../mixins'),CartesianChartPropsMixin=$__1.CartesianChartPropsMixin,ViewBoxMixin=$__1.ViewBoxMixin;","","module.exports = React.createClass({","","  mixins: [ CartesianChartPropsMixin, ViewBoxMixin ],","","  displayName: 'BarChart',","","  propTypes: {","    chartClassName:         React.PropTypes.string,","    data:                   React.PropTypes.array.isRequired,","    hoverAnimation:         React.PropTypes.bool,","    height:                 React.PropTypes.number,","    margins:                React.PropTypes.object,","    rangeRoundBandsPadding: React.PropTypes.number,","    // https://github.com/mbostock/d3/wiki/Stack-Layout#offset","    stackOffset:            React.PropTypes.oneOf(['silhouette', 'expand', 'wigget', 'zero']),","    valuesAccessor:         React.PropTypes.func,","    title:                  React.PropTypes.string,","    width:                  React.PropTypes.number,","    xAxisClassName:         React.PropTypes.string,","    yAxisClassName:         React.PropTypes.string,","    yAxisTickCount:         React.PropTypes.number,","  },","","  getDefaultProps:function() {","    return {","      chartClassName:         'rd3-barchart',","      hoverAnimation:         true,","      margins:                {top: 10, right: 20, bottom: 40, left: 45},","      rangeRoundBandsPadding: 0.25,","      stackOffset:            'zero',","      valuesAccessor:         function(d)  {return d.values;},","      xAxisClassName:         'rd3-barchart-xaxis',","      yAxisClassName:         'rd3-barchart-yaxis',","      yAxisTickCount:         4,","    };","  },","","  _getStackedValuesMaxY:function(_data) {","    // in stacked bar chart, the maximum height we need for ","    // yScale domain is the sum of y0 + y","    var $__0=    this.props,valuesAccessor=$__0.valuesAccessor;","    return d3.max(_data, function(d) {","      return d3.max(valuesAccessor(d), function(d) {","        // where y0, y is generated by d3.layout.stack()","        return d.y0 + d.y;","      });","    });","  },","","  _getLabels:function(firstSeries) {","    // we only need first series to get all the labels","    var $__0=     this.props,valuesAccessor=$__0.valuesAccessor,xAccessor=$__0.xAccessor;","    return valuesAccessor(firstSeries).map(xAccessor);","  },","","  _stack:function() {","    var $__0=       this.props,stackOffset=$__0.stackOffset,xAccessor=$__0.xAccessor,yAccessor=$__0.yAccessor,valuesAccessor=$__0.valuesAccessor;","    return d3.layout.stack()","                    .offset(stackOffset)","                    .x(xAccessor)","                    .y(yAccessor)","                    .values(valuesAccessor);","  },","","  render:function() {","","    var props = this.props;","","    var _data = this._stack()(props.data);","","    var margins = props.margins;","","    var innerHeight = props.height - ( margins.top + margins.bottom );","    var innerWidth = props.width - ( margins.left + margins.right );","","    var xScale = d3.scale.ordinal()","      .domain(this._getLabels(_data[0]))","      .rangeRoundBands([0, innerWidth], props.rangeRoundBandsPadding);","","    var yScale = d3.scale.linear()","      .range([innerHeight, 0])","      .domain([0, this._getStackedValuesMaxY(_data)]);","","    var trans = (\"translate(\" +  margins.left + \",\" +  margins.top + \")\");","","    return (","      React.createElement(Chart, {","        viewBox: props.viewBox, ","        legend: props.legend, ","        data: props.data, ","        margins: props.margins, ","        colors: props.colors, ","        colorAccessor: props.colorAccessor, ","        width: props.width, ","        height: props.height, ","        title: props.title","      }, ","        React.createElement(\"g\", {transform: trans, className: props.chartClassName}, ","          React.createElement(YAxis, {","            yAxisClassName: props.yAxisClassName, ","            yAxisTickValues: props.yAxisTickValues, ","            yAxisLabel: props.yAxisLabel, ","            yAxisLabelOffset: props.yAxisLabelOffset, ","            yScale: yScale, ","            margins: margins, ","            yAxisTickCount: props.yAxisTickCount, ","            tickFormatting: props.yAxisFormatter, ","            width: innerWidth, ","            height: innerHeight, ","            xOrient: props.xOrient, ","            yOrient: props.yOrient, ","            gridHorizontal: props.gridHorizontal, ","            gridHorizontalStroke: props.gridHorizontalStroke, ","            gridHorizontalStrokeWidth: props.gridHorizontalStrokeWidth, ","            gridHorizontalStrokeDash: props.gridHorizontalStrokeDash}","          ), ","          React.createElement(XAxis, {","            xAxisClassName: props.xAxisClassName, ","            xAxisTickValues: props.xAxisTickValues, ","            xAxisLabel: props.xAxisLabel, ","            xAxisLabelOffset: props.xAxisLabelOffset, ","            xScale: xScale, ","            margins: margins, ","            tickFormatting: props.xAxisFormatter, ","            width: innerWidth, ","            height: innerHeight, ","            xOrient: props.xOrient, ","            yOrient: props.yOrient, ","            gridVertical: props.gridVertical, ","            gridVerticalStroke: props.gridVerticalStroke, ","            gridVerticalStrokeWidth: props.gridVerticalStrokeWidth, ","            gridVerticalStrokeDash: props.gridVerticalStrokeDash}","          ), ","          React.createElement(DataSeries, {","            yScale: yScale, ","            xScale: xScale, ","            margins: margins, ","            _data: _data, ","            width: innerWidth, ","            height: innerHeight, ","            colors: props.colors, ","            colorAccessor: props.colorAccessor, ","            hoverAnimation: props.hoverAnimation, ","            valuesAccessor: props.valuesAccessor}","            )","        )","      )","    );","  }","","});",""],"l":{"3":1,"4":1,"5":1,"6":1,"8":1,"9":1,"11":1,"35":1,"41":0,"51":0,"52":0,"53":0,"55":0,"62":0,"63":0,"67":0,"68":0,"77":0,"79":0,"81":0,"83":0,"84":0,"86":0,"90":0,"94":0,"96":0}},"/home/travis/build/npmtest/node-npmtest-react-d3/node_modules/react-d3/barchart/DataSeries.js":{"path":"/home/travis/build/npmtest/node-npmtest-react-d3/node_modules/react-d3/barchart/DataSeries.js","s":{"1":1,"2":1,"3":1,"4":1,"5":0,"6":0,"7":0,"8":0,"9":0,"10":0,"11":0},"b":{},"f":{"1":0,"2":0,"3":0,"4":0,"5":0},"fnMap":{"1":{"name":"(anonymous_1)","line":20,"loc":{"start":{"line":20,"column":9},"end":{"line":20,"column":20}}},"2":{"name":"(anonymous_2)","line":26,"loc":{"start":{"line":26,"column":19},"end":{"line":26,"column":30}}},"3":{"name":"(anonymous_3)","line":28,"loc":{"start":{"line":28,"column":21},"end":{"line":28,"column":49}}},"4":{"name":"(anonymous_4)","line":30,"loc":{"start":{"line":30,"column":18},"end":{"line":30,"column":37}}},"5":{"name":"(anonymous_5)","line":34,"loc":{"start":{"line":34,"column":22},"end":{"line":34,"column":51}}}},"statementMap":{"1":{"start":{"line":3,"column":0},"end":{"line":3,"column":29}},"2":{"start":{"line":4,"column":0},"end":{"line":4,"column":23}},"3":{"start":{"line":5,"column":0},"end":{"line":5,"column":45}},"4":{"start":{"line":7,"column":0},"end":{"line":48,"column":3}},"5":{"start":{"line":21,"column":4},"end":{"line":23,"column":6}},"6":{"start":{"line":27,"column":4},"end":{"line":27,"column":81}},"7":{"start":{"line":28,"column":4},"end":{"line":31,"column":18}},"8":{"start":{"line":29,"column":6},"end":{"line":30,"column":103}},"9":{"start":{"line":30,"column":38},"end":{"line":30,"column":90}},"10":{"start":{"line":35,"column":4},"end":{"line":35,"column":177}},"11":{"start":{"line":36,"column":4},"end":{"line":45,"column":5}}},"branchMap":{},"code":["'use strict';","","var React = require('react');","var d3 = require('d3');","var BarContainer = require('./BarContainer');","","module.exports = React.createClass({","","  displayName: 'DataSeries',","","  propTypes: {","    _data:          React.PropTypes.array,","    colors:         React.PropTypes.func,","    colorAccessor:  React.PropTypes.func,","    height:         React.PropTypes.number,","    width:          React.PropTypes.number,","    valuesAccessor: React.PropTypes.func,","  },","","  render:function() {","    return (","      React.createElement(\"g\", null, this._renderBarSeries())","    );","  },","","  _renderBarSeries:function() {","    var $__0=     this.props,_data=$__0._data,valuesAccessor=$__0.valuesAccessor;","    return _data.map(function(layer, seriesIdx)  {","      return valuesAccessor(layer)","             .map(function(segment)  {return this._renderBarContainer(segment, seriesIdx);}.bind(this))","    }.bind(this));","  },","","  _renderBarContainer:function(segment, seriesIdx) {","    var $__0=         this.props,colors=$__0.colors,colorAccessor=$__0.colorAccessor,height=$__0.height,hoverAnimation=$__0.hoverAnimation,xScale=$__0.xScale,yScale=$__0.yScale;","    return (","      React.createElement(BarContainer, {","        height: height - yScale(segment.y), ","        width: xScale.rangeBand(), ","        x: xScale(segment.x), ","        y: yScale( segment.y0 + segment.y), ","        fill: colors(colorAccessor(segment, seriesIdx)), ","        hoverAnimation: hoverAnimation}","      )","    )","  }","","});",""],"l":{"3":1,"4":1,"5":1,"7":1,"21":0,"27":0,"28":0,"29":0,"30":0,"35":0,"36":0}},"/home/travis/build/npmtest/node-npmtest-react-d3/node_modules/react-d3/barchart/BarContainer.js":{"path":"/home/travis/build/npmtest/node-npmtest-react-d3/node_modules/react-d3/barchart/BarContainer.js","s":{"1":1,"2":1,"3":1,"4":1,"5":1,"6":0,"7":0,"8":0,"9":0,"10":0},"b":{"1":[0,0],"2":[0,0]},"f":{"1":1,"2":0,"3":0,"4":0,"5":0},"fnMap":{"1":{"name":"(anonymous_1)","line":13,"loc":{"start":{"line":13,"column":18},"end":{"line":13,"column":29}}},"2":{"name":"(anonymous_2)","line":19,"loc":{"start":{"line":19,"column":18},"end":{"line":19,"column":29}}},"3":{"name":"(anonymous_3)","line":27,"loc":{"start":{"line":27,"column":9},"end":{"line":27,"column":20}}},"4":{"name":"(anonymous_4)","line":41,"loc":{"start":{"line":41,"column":14},"end":{"line":41,"column":25}}},"5":{"name":"(anonymous_5)","line":47,"loc":{"start":{"line":47,"column":14},"end":{"line":47,"column":25}}}},"statementMap":{"1":{"start":{"line":3,"column":0},"end":{"line":3,"column":29}},"2":{"start":{"line":4,"column":0},"end":{"line":4,"column":27}},"3":{"start":{"line":5,"column":0},"end":{"line":5,"column":38}},"4":{"start":{"line":7,"column":0},"end":{"line":52,"column":3}},"5":{"start":{"line":14,"column":4},"end":{"line":16,"column":6}},"6":{"start":{"line":20,"column":4},"end":{"line":24,"column":6}},"7":{"start":{"line":29,"column":4},"end":{"line":29,"column":27}},"8":{"start":{"line":31,"column":4},"end":{"line":38,"column":6}},"9":{"start":{"line":42,"column":4},"end":{"line":44,"column":7}},"10":{"start":{"line":48,"column":4},"end":{"line":50,"column":7}}},"branchMap":{"1":{"line":35,"type":"cond-expr","locations":[{"start":{"line":35,"column":48},"end":{"line":35,"column":64}},{"start":{"line":35,"column":67},"end":{"line":35,"column":71}}]},"2":{"line":36,"type":"cond-expr","locations":[{"start":{"line":36,"column":49},"end":{"line":36,"column":65}},{"start":{"line":36,"column":68},"end":{"line":36,"column":72}}]}},"code":["'use strict';","","var React = require('react');","var Bar = require('./Bar');","var shade = require('../utils').shade;","","module.exports = React.createClass({displayName: \"exports\",","","  propTypes: {","    fill: React.PropTypes.string,","  },","","  getDefaultProps:function() {","    return {","      fill: '#3182BD'","    };","  },","","  getInitialState:function() {","    return {","      // fill is named as fill instead of initialFill to avoid","      // confusion when passing down props from top parent","      fill: this.props.fill","    };","  },","","  render:function() {","","    var props = this.props;","","    return (","      React.createElement(Bar, React.__spread({}, ","        props, ","        {fill: this.state.fill, ","        handleMouseOver: props.hoverAnimation ? this._animateBar : null, ","        handleMouseLeave: props.hoverAnimation ? this._restoreBar : null})","      )","    );","  },","","  _animateBar:function() {","    this.setState({ ","      fill: shade(this.props.fill, 0.2)","    });","  },","","  _restoreBar:function() {","    this.setState({ ","      fill: this.props.fill","    });","  },","});",""],"l":{"3":1,"4":1,"5":1,"7":1,"14":1,"20":0,"29":0,"31":0,"42":0,"48":0}},"/home/travis/build/npmtest/node-npmtest-react-d3/node_modules/react-d3/barchart/Bar.js":{"path":"/home/travis/build/npmtest/node-npmtest-react-d3/node_modules/react-d3/barchart/Bar.js","s":{"1":1,"2":1,"3":1,"4":0},"b":{},"f":{"1":1,"2":0},"fnMap":{"1":{"name":"(anonymous_1)","line":16,"loc":{"start":{"line":16,"column":18},"end":{"line":16,"column":29}}},"2":{"name":"(anonymous_2)","line":23,"loc":{"start":{"line":23,"column":9},"end":{"line":23,"column":20}}}},"statementMap":{"1":{"start":{"line":3,"column":0},"end":{"line":3,"column":29}},"2":{"start":{"line":5,"column":0},"end":{"line":34,"column":3}},"3":{"start":{"line":17,"column":4},"end":{"line":20,"column":6}},"4":{"start":{"line":24,"column":4},"end":{"line":32,"column":6}}},"branchMap":{},"code":["'use strict';","","var React = require('react');","","module.exports = React.createClass({displayName: \"exports\",","","  propTypes: {","    fill: React.PropTypes.string,","    width: React.PropTypes.number,","    height: React.PropTypes.number,","    x: React.PropTypes.number,","    y: React.PropTypes.number,","    className: React.PropTypes.string","  },","","  getDefaultProps:function() {","    return {","      offset: 0,","      className: 'rd3-barchart-bar'","    };","  },","","  render:function() {","    return (","      React.createElement(\"rect\", React.__spread({","        className: \"rd3-barchart-bar\"}, ","        this.props, ","        {fill: this.props.fill, ","        onMouseOver: this.props.handleMouseOver, ","        onMouseLeave: this.props.handleMouseLeave})","      )","    );","  }","});",""],"l":{"3":1,"5":1,"17":1,"24":0}},"/home/travis/build/npmtest/node-npmtest-react-d3/node_modules/react-d3/utils/index.js":{"path":"/home/travis/build/npmtest/node-npmtest-react-d3/node_modules/react-d3/utils/index.js","s":{"1":1,"2":1,"3":0,"4":0,"5":0,"6":0,"7":0,"8":0,"9":0,"10":0,"11":0,"12":0,"13":1,"14":0,"15":0,"16":0,"17":0,"18":0,"19":0,"20":0,"21":0,"22":0,"23":0,"24":0,"25":0,"26":1,"27":0,"28":0,"29":0,"30":0,"31":0,"32":0,"33":0,"34":0,"35":0,"36":0,"37":0,"38":0,"39":0,"40":0,"41":0,"42":0,"43":0,"44":0,"45":0,"46":0,"47":0,"48":0,"49":0,"50":0,"51":0,"52":0,"53":0,"54":0,"55":0,"56":1,"57":0,"58":0,"59":0,"60":0,"61":0,"62":0,"63":0,"64":0,"65":0,"66":0,"67":0,"68":0,"69":0,"70":0,"71":0,"72":0,"73":0,"74":0},"b":{"1":[0,0],"2":[0,0],"3":[0,0],"4":[0,0],"5":[0,0],"6":[0,0],"7":[0,0],"8":[0,0],"9":[0,0],"10":[0,0],"11":[0,0],"12":[0,0],"13":[0,0],"14":[0,0],"15":[0,0],"16":[0,0],"17":[0,0]},"f":{"1":0,"2":0,"3":0,"4":0,"5":0,"6":0,"7":0,"8":0,"9":0},"fnMap":{"1":{"name":"(anonymous_1)","line":4,"loc":{"start":{"line":4,"column":26},"end":{"line":4,"column":79}}},"2":{"name":"(anonymous_2)","line":38,"loc":{"start":{"line":38,"column":19},"end":{"line":38,"column":51}}},"3":{"name":"(anonymous_3)","line":40,"loc":{"start":{"line":40,"column":9},"end":{"line":40,"column":20}}},"4":{"name":"(anonymous_4)","line":42,"loc":{"start":{"line":42,"column":16},"end":{"line":42,"column":27}}},"5":{"name":"(anonymous_5)","line":55,"loc":{"start":{"line":55,"column":22},"end":{"line":55,"column":60}}},"6":{"name":"(anonymous_6)","line":62,"loc":{"start":{"line":62,"column":16},"end":{"line":62,"column":37}}},"7":{"name":"(anonymous_7)","line":63,"loc":{"start":{"line":63,"column":27},"end":{"line":63,"column":46}}},"8":{"name":"(anonymous_8)","line":80,"loc":{"start":{"line":80,"column":31},"end":{"line":80,"column":46}}},"9":{"name":"(anonymous_9)","line":135,"loc":{"start":{"line":135,"column":16},"end":{"line":135,"column":40}}}},"statementMap":{"1":{"start":{"line":1,"column":0},"end":{"line":1,"column":23}},"2":{"start":{"line":4,"column":0},"end":{"line":32,"column":2}},"3":{"start":{"line":6,"column":2},"end":{"line":6,"column":21}},"4":{"start":{"line":8,"column":2},"end":{"line":14,"column":3}},"5":{"start":{"line":9,"column":4},"end":{"line":10,"column":30}},"6":{"start":{"line":12,"column":4},"end":{"line":13,"column":30}},"7":{"start":{"line":15,"column":2},"end":{"line":15,"column":36}},"8":{"start":{"line":17,"column":2},"end":{"line":23,"column":3}},"9":{"start":{"line":18,"column":4},"end":{"line":19,"column":31}},"10":{"start":{"line":21,"column":4},"end":{"line":22,"column":31}},"11":{"start":{"line":25,"column":2},"end":{"line":25,"column":36}},"12":{"start":{"line":27,"column":2},"end":{"line":30,"column":4}},"13":{"start":{"line":38,"column":0},"end":{"line":53,"column":2}},"14":{"start":{"line":39,"column":2},"end":{"line":39,"column":14}},"15":{"start":{"line":40,"column":2},"end":{"line":52,"column":4}},"16":{"start":{"line":41,"column":4},"end":{"line":41,"column":41}},"17":{"start":{"line":42,"column":4},"end":{"line":47,"column":6}},"18":{"start":{"line":43,"column":6},"end":{"line":43,"column":21}},"19":{"start":{"line":44,"column":6},"end":{"line":46,"column":7}},"20":{"start":{"line":45,"column":8},"end":{"line":45,"column":34}},"21":{"start":{"line":48,"column":4},"end":{"line":48,"column":40}},"22":{"start":{"line":49,"column":4},"end":{"line":49,"column":26}},"23":{"start":{"line":50,"column":4},"end":{"line":50,"column":38}},"24":{"start":{"line":51,"column":4},"end":{"line":51,"column":43}},"25":{"start":{"line":51,"column":17},"end":{"line":51,"column":43}},"26":{"start":{"line":55,"column":0},"end":{"line":132,"column":2}},"27":{"start":{"line":57,"column":2},"end":{"line":57,"column":21}},"28":{"start":{"line":58,"column":2},"end":{"line":58,"column":19}},"29":{"start":{"line":59,"column":2},"end":{"line":59,"column":19}},"30":{"start":{"line":60,"column":2},"end":{"line":60,"column":37}},"31":{"start":{"line":62,"column":2},"end":{"line":125,"column":5}},"32":{"start":{"line":63,"column":4},"end":{"line":124,"column":7}},"33":{"start":{"line":65,"column":6},"end":{"line":65,"column":30}},"34":{"start":{"line":70,"column":6},"end":{"line":72,"column":7}},"35":{"start":{"line":71,"column":8},"end":{"line":71,"column":15}},"36":{"start":{"line":73,"column":6},"end":{"line":73,"column":22}},"37":{"start":{"line":75,"column":6},"end":{"line":75,"column":30}},"38":{"start":{"line":78,"column":6},"end":{"line":78,"column":16}},"39":{"start":{"line":79,"column":6},"end":{"line":101,"column":7}},"40":{"start":{"line":80,"column":8},"end":{"line":91,"column":11}},"41":{"start":{"line":84,"column":10},"end":{"line":86,"column":11}},"42":{"start":{"line":85,"column":12},"end":{"line":85,"column":19}},"43":{"start":{"line":87,"column":10},"end":{"line":87,"column":31}},"44":{"start":{"line":90,"column":10},"end":{"line":90,"column":20}},"45":{"start":{"line":96,"column":8},"end":{"line":98,"column":9}},"46":{"start":{"line":97,"column":10},"end":{"line":97,"column":17}},"47":{"start":{"line":99,"column":8},"end":{"line":99,"column":24}},"48":{"start":{"line":100,"column":8},"end":{"line":100,"column":18}},"49":{"start":{"line":103,"column":6},"end":{"line":103,"column":39}},"50":{"start":{"line":104,"column":6},"end":{"line":110,"column":7}},"51":{"start":{"line":109,"column":8},"end":{"line":109,"column":15}},"52":{"start":{"line":111,"column":6},"end":{"line":111,"column":47}},"53":{"start":{"line":113,"column":6},"end":{"line":122,"column":8}},"54":{"start":{"line":123,"column":6},"end":{"line":123,"column":32}},"55":{"start":{"line":127,"column":2},"end":{"line":131,"column":4}},"56":{"start":{"line":135,"column":0},"end":{"line":152,"column":2}},"57":{"start":{"line":137,"column":2},"end":{"line":137,"column":40}},"58":{"start":{"line":138,"column":2},"end":{"line":138,"column":41}},"59":{"start":{"line":139,"column":2},"end":{"line":139,"column":38}},"60":{"start":{"line":139,"column":25},"end":{"line":139,"column":36}},"61":{"start":{"line":140,"column":2},"end":{"line":140,"column":38}},"62":{"start":{"line":141,"column":2},"end":{"line":141,"column":19}},"63":{"start":{"line":142,"column":2},"end":{"line":142,"column":25}},"64":{"start":{"line":143,"column":2},"end":{"line":143,"column":20}},"65":{"start":{"line":144,"column":2},"end":{"line":144,"column":61}},"66":{"start":{"line":145,"column":2},"end":{"line":145,"column":40}},"67":{"start":{"line":145,"column":24},"end":{"line":145,"column":40}},"68":{"start":{"line":146,"column":2},"end":{"line":146,"column":63}},"69":{"start":{"line":147,"column":2},"end":{"line":147,"column":46}},"70":{"start":{"line":147,"column":26},"end":{"line":147,"column":46}},"71":{"start":{"line":148,"column":2},"end":{"line":148,"column":62}},"72":{"start":{"line":149,"column":2},"end":{"line":149,"column":43}},"73":{"start":{"line":149,"column":25},"end":{"line":149,"column":43}},"74":{"start":{"line":150,"column":2},"end":{"line":150,"column":39}}},"branchMap":{"1":{"line":8,"type":"if","locations":[{"start":{"line":8,"column":2},"end":{"line":8,"column":2}},{"start":{"line":8,"column":2},"end":{"line":8,"column":2}}]},"2":{"line":8,"type":"binary-expr","locations":[{"start":{"line":8,"column":6},"end":{"line":8,"column":24}},{"start":{"line":8,"column":28},"end":{"line":8,"column":90}}]},"3":{"line":17,"type":"if","locations":[{"start":{"line":17,"column":2},"end":{"line":17,"column":2}},{"start":{"line":17,"column":2},"end":{"line":17,"column":2}}]},"4":{"line":17,"type":"binary-expr","locations":[{"start":{"line":17,"column":6},"end":{"line":17,"column":24}},{"start":{"line":17,"column":28},"end":{"line":17,"column":90}}]},"5":{"line":44,"type":"if","locations":[{"start":{"line":44,"column":6},"end":{"line":44,"column":6}},{"start":{"line":44,"column":6},"end":{"line":44,"column":6}}]},"6":{"line":48,"type":"binary-expr","locations":[{"start":{"line":48,"column":18},"end":{"line":48,"column":27}},{"start":{"line":48,"column":31},"end":{"line":48,"column":39}}]},"7":{"line":51,"type":"if","locations":[{"start":{"line":51,"column":4},"end":{"line":51,"column":4}},{"start":{"line":51,"column":4},"end":{"line":51,"column":4}}]},"8":{"line":70,"type":"if","locations":[{"start":{"line":70,"column":6},"end":{"line":70,"column":6}},{"start":{"line":70,"column":6},"end":{"line":70,"column":6}}]},"9":{"line":79,"type":"if","locations":[{"start":{"line":79,"column":6},"end":{"line":79,"column":6}},{"start":{"line":79,"column":6},"end":{"line":79,"column":6}}]},"10":{"line":79,"type":"binary-expr","locations":[{"start":{"line":79,"column":10},"end":{"line":79,"column":31}},{"start":{"line":79,"column":35},"end":{"line":79,"column":60}}]},"11":{"line":84,"type":"if","locations":[{"start":{"line":84,"column":10},"end":{"line":84,"column":10}},{"start":{"line":84,"column":10},"end":{"line":84,"column":10}}]},"12":{"line":96,"type":"if","locations":[{"start":{"line":96,"column":8},"end":{"line":96,"column":8}},{"start":{"line":96,"column":8},"end":{"line":96,"column":8}}]},"13":{"line":104,"type":"if","locations":[{"start":{"line":104,"column":6},"end":{"line":104,"column":6}},{"start":{"line":104,"column":6},"end":{"line":104,"column":6}}]},"14":{"line":139,"type":"if","locations":[{"start":{"line":139,"column":2},"end":{"line":139,"column":2}},{"start":{"line":139,"column":2},"end":{"line":139,"column":2}}]},"15":{"line":145,"type":"if","locations":[{"start":{"line":145,"column":2},"end":{"line":145,"column":2}},{"start":{"line":145,"column":2},"end":{"line":145,"column":2}}]},"16":{"line":147,"type":"if","locations":[{"start":{"line":147,"column":2},"end":{"line":147,"column":2}},{"start":{"line":147,"column":2},"end":{"line":147,"column":2}}]},"17":{"line":149,"type":"if","locations":[{"start":{"line":149,"column":2},"end":{"line":149,"column":2}},{"start":{"line":149,"column":2},"end":{"line":149,"column":2}}]}},"code":["var d3 = require('d3');","","","exports.calculateScales = function(chartWidth, chartHeight, xValues, yValues)  {","","  var xScale, yScale;","","  if (xValues.length > 0 && Object.prototype.toString.call(xValues[0]) === '[object Date]') {","    xScale = d3.time.scale()","      .range([0, chartWidth]);","  } else {","    xScale = d3.scale.linear()","      .range([0, chartWidth]);","  }","  xScale.domain(d3.extent(xValues));","","  if (yValues.length > 0 && Object.prototype.toString.call(yValues[0]) === '[object Date]') {","    yScale = d3.time.scale()","      .range([chartHeight, 0]);","  } else {","    yScale = d3.scale.linear()","      .range([chartHeight, 0]);","  }","","  yScale.domain(d3.extent(yValues));","","  return {","    xScale: xScale,","    yScale: yScale","  };","","};","","// debounce from Underscore.js","// MIT License: https://raw.githubusercontent.c
[...]
k_y2: wick_y2, ","          hoverAnimation: props.hoverAnimation}","        )","      );","    }, this);","","    return (","      React.createElement(\"g\", null, ","        dataSeriesArray","      )","    );","  }","","});",""],"l":{"3":1,"4":1,"5":1,"6":1,"9":1,"20":0,"22":0,"26":0,"28":0,"38":0,"42":0,"59":0}},"/home/travis/build/npmtest/node-npmtest-react-d3/node_modules/react-d3/candlestick/CandlestickContainer.js":{"path":"/home/travis/build/npmtest/node-npmtest-react-d3/node_modules/react-d3/candlestick/CandlestickContainer.js","s":{"1":1,"2":1,"3":1,"4":1,"5":1,"6":1,"7":1,"8":0,"9":0,"10":0,"11":0,"12":0,"13":0,"14":0,"15":0,"16":0,"17":0,"18":0},"b":{"1":[0,0]},"f":{"1":1,"2":0,"3":0,"4":0,"5":0},"fnMap":{"1":{"name":"(anonymous_1)","line":26,"loc":{"start":{"line":26,"column":18},"end":{"line":26,"column":29}}},"2":{"name":"(anonymous_2)","line":32,"loc":{"start":{"line":32,"column":18},"end":{"line":32,"column":29}}},"3":{"name":"(anonymous_3)","line":40,"loc":{"start":{"line":40,"column":9},"end":{"line":40,"column":20}}},"4":{"name":"(anonymous_4)","line":75,"loc":{"start":{"line":75,"column":17},"end":{"line":75,"column":28}}},"5":{"name":"(anonymous_5)","line":82,"loc":{"start":{"line":82,"column":17},"end":{"line":82,"column":28}}}},"statementMap":{"1":{"start":{"line":3,"column":0},"end":{"line":3,"column":29}},"2":{"start":{"line":4,"column":0},"end":{"line":4,"column":23}},"3":{"start":{"line":5,"column":0},"end":{"line":5,"column":32}},"4":{"start":{"line":6,"column":0},"end":{"line":6,"column":33}},"5":{"start":{"line":7,"column":0},"end":{"line":7,"column":29}},"6":{"start":{"line":9,"column":0},"end":{"line":89,"column":3}},"7":{"start":{"line":27,"column":4},"end":{"line":29,"column":6}},"8":{"start":{"line":34,"column":4},"end":{"line":37,"column":6}},"9":{"start":{"line":42,"column":4},"end":{"line":42,"column":27}},"10":{"start":{"line":43,"column":4},"end":{"line":43,"column":27}},"11":{"start":{"line":46,"column":4},"end":{"line":46,"column":42}},"12":{"start":{"line":47,"column":4},"end":{"line":52,"column":5}},"13":{"start":{"line":48,"column":6},"end":{"line":48,"column":44}},"14":{"start":{"line":49,"column":6},"end":{"line":49,"column":45}},"15":{"start":{"line":51,"column":6},"end":{"line":51,"column":48}},"16":{"start":{"line":54,"column":4},"end":{"line":72,"column":6}},"17":{"start":{"line":76,"column":4},"end":{"line":79,"column":7}},"18":{"start":{"line":83,"column":4},"end":{"line":86,"column":7}}},"branchMap":{"1":{"line":47,"type":"if","locations":[{"start":{"line":47,"column":4},"end":{"line":47,"column":4}},{"start":{"line":47,"column":4},"end":{"line":47,"column":4}}]}},"code":["'use strict';","","var React = require('react');","var d3 = require('d3');","var utils = require('../utils');","var Candle = require('./Candle');","var Wick = require('./Wick');","","module.exports = React.createClass({","","  displayName: 'CandleStickContainer',","","  propTypes: {","    candle_x:       React.PropTypes.number,","    candle_y:       React.PropTypes.number,","    className:      React.PropTypes.string,","    candleFill:     React.PropTypes.string,","    candleHeight:   React.PropTypes.number,","    candleWidth:    React.PropTypes.number,","    wick_x1:        React.PropTypes.number,","    wick_x2:        React.PropTypes.number,","    wick_y1:        React.PropTypes.number,","    wick_y2:        React.PropTypes.number,","  },","","  getDefaultProps:function() {","    return {","      className: 'rd3-candlestick-container'","    };","  },","","  getInitialState:function() {","    // state for animation usage","    return {","      candleWidth: this.props.candleWidth,","      candleFill: this.props.candleFill","    };","  },","","  render:function() {","","    var props = this.props;","    var state = this.state;","","    // animation controller","    var handleMouseOver, handleMouseLeave;","    if(props.hoverAnimation) {","      handleMouseOver = this._animateCandle;","      handleMouseLeave = this._restoreCandle;","    } else {","      handleMouseOver = handleMouseLeave = null;","    }","","    return (","      React.createElement(\"g\", {className: props.className}, ","       React.createElement(Wick, {","         wick_x1: props.wick_x1, ","         wick_x2: props.wick_x2, ","         wick_y1: props.wick_y1, ","         wick_y2: props.wick_y2}","       ), ","       React.createElement(Candle, {","         candleFill: state.candleFill, ","         candleWidth: state.candleWidth, ","         candle_x: props.candle_x - ((state.candleWidth - props.candleWidth) / 2), ","         candle_y: props.candle_y, ","         candleHeight: props.candleHeight, ","         handleMouseOver: handleMouseOver, ","         handleMouseLeave: handleMouseLeave}","       )","      )","    );","  },","","  _animateCandle:function() {","    this.setState({ ","      candleWidth: this.props.candleWidth * 1.5,","      candleFill: utils.shade(this.props.candleFill, -0.2)","    });","  },","","  _restoreCandle:function() {","    this.setState({ ","      candleWidth: this.props.candleWidth,","      candleFill: this.props.candleFill","    });","  },","","});",""],"l":{"3":1,"4":1,"5":1,"6":1,"7":1,"9":1,"27":1,"34":0,"42":0,"43":0,"46":0,"47":0,"48":0,"49":0,"51":0,"54":0,"76":0,"83":0}},"/home/travis/build/npmtest/node-npmtest-react-d3/node_modules/react-d3/candlestick/Candle.js":{"path":"/home/travis/build/npmtest/node-npmtest-react-d3/node_modules/react-d3/candlestick/Candle.js","s":{"1":1,"2":1,"3":1,"4":0,"5":0},"b":{},"f":{"1":1,"2":0},"fnMap":{"1":{"name":"(anonymous_1)","line":16,"loc":{"start":{"line":16,"column":18},"end":{"line":16,"column":29}}},"2":{"name":"(anonymous_2)","line":25,"loc":{"start":{"line":25,"column":9},"end":{"line":25,"column":20}}}},"statementMap":{"1":{"start":{"line":3,"column":0},"end":{"line":3,"column":29}},"2":{"start":{"line":5,"column":0},"end":{"line":45,"column":3}},"3":{"start":{"line":17,"column":4},"end":{"line":22,"column":6}},"4":{"start":{"line":26,"column":4},"end":{"line":26,"column":27}},"5":{"start":{"line":28,"column":4},"end":{"line":42,"column":6}}},"branchMap":{},"code":["'use strict';","","var React = require('react');","","module.exports = React.createClass({","","  displayName: 'Candle',","","  propTypes: {","    className:      React.PropTypes.string,","    shapeRendering: React.PropTypes.string,","    stroke:         React.PropTypes.string,","    strokeWidth:    React.PropTypes.number,","  },","","  getDefaultProps:function() {","    return {","      className:      'rd3-candlestick-candle',","      shapeRendering: 'crispEdges',","      stroke:         '#000',","      strokeWidth:    1,","    };","  },","","  render:function() {","    var props = this.props;","","    return (","      React.createElement(\"rect\", {","        className: props.className, ","        fill: props.candleFill, ","        x: props.candle_x, ","        y: props.candle_y, ","        stroke: props.stroke, ","        strokeWidth: props.strokeWidth, ","        style: { shapeRendering: props.shapeRendering}, ","        width: props.candleWidth, ","        height: props.candleHeight, ","        onMouseOver: props.handleMouseOver, ","        onMouseLeave: props.handleMouseLeave}","      )","    );","  }","","});",""],"l":{"3":1,"5":1,"17":1,"26":0,"28":0}},"/home/travis/build/npmtest/node-npmtest-react-d3/node_modules/react-d3/candlestick/Wick.js":{"path":"/home/travis/build/npmtest/node-npmtest-react-d3/node_modules/react-d3/candlestick/Wick.js","s":{"1":1,"2":1,"3":1,"4":0,"5":0},"b":{},"f":{"1":1,"2":0},"fnMap":{"1":{"name":"(anonymous_1)","line":17,"loc":{"start":{"line":17,"column":18},"end":{"line":17,"column":29}}},"2":{"name":"(anonymous_2)","line":26,"loc":{"start":{"line":26,"column":9},"end":{"line":26,"column":20}}}},"statementMap":{"1":{"start":{"line":3,"column":0},"end":{"line":3,"column":29}},"2":{"start":{"line":6,"column":0},"end":{"line":40,"column":3}},"3":{"start":{"line":18,"column":4},"end":{"line":23,"column":6}},"4":{"start":{"line":27,"column":4},"end":{"line":27,"column":27}},"5":{"start":{"line":28,"column":4},"end":{"line":37,"column":12}}},"branchMap":{},"code":["'use strict';","","var React = require('react');","","","module.exports = React.createClass({","","  displayName: 'Wick',","","  propTypes: {","    className:      React.PropTypes.string,","    shapeRendering: React.PropTypes.string,","    stroke:         React.PropTypes.string,","    strokeWidth:    React.PropTypes.number,","  },","","  getDefaultProps:function() {","    return {","      className:      'rd3-candlestick-wick',","      stroke:         '#000',","      strokeWidth:    1,","      shapeRendering: 'crispEdges',","    };","  },","","  render:function() {","    var props = this.props;","    return React.createElement(\"line\", {","            stroke: props.stroke, ","            strokeWidth: props.strokeWidth, ","            style: { shapeRendering: props.shapeRendering}, ","            className: props.className, ","            x1: props.wick_x1, ","            y1: props.wick_y1, ","            x2: props.wick_x2, ","            y2: props.wick_y2}","          );","  }","","});",""],"l":{"3":1,"6":1,"18":1,"27":0,"28":0}},"/home/travis/build/npmtest/node-npmtest-react-d3/node_modules/react-d3/common/Circle.js":{"path":"/home/travis/build/npmtest/node-npmtest-react-d3/node_modules/react-d3/common/Circle.js","s":{"1":1,"2":1,"3":1,"4":1,"5":0,"6":0,"7":0,"8":0,"9":0,"10":0,"11":0,"12":0,"13":0,"14":0,"15":0,"16":0,"17":0,"18":0,"19":0,"20":0,"21":0,"22":0,"23":0,"24":0},"b":{"1":[0,0],"2":[0,0],"3":[0,0]},"f":{"1":1,"2":0,"3":0,"4":0,"5":0,"6":0,"7":0,"8":0,"9":0,"10":0},"fnMap":{"1":{"name":"(anonymous_1)","line":16,"loc":{"start":{"line":16,"column":19},"end":{"line":16,"column":30}}},"2":{"name":"(anonymous_2)","line":22,"loc":{"start":{"line":22,"column":19},"end":{"line":22,"column":30}}},"3":{"name":"(anonymous_3)","line":30,"loc":{"start":{"line":30,"column":20},"end":{"line":30,"column":31}}},"4":{"name":"(anonymous_4)","line":34,"loc":{"start":{"line":34,"column":45},"end":{"line":34,"column":57}}},"5":{"name":"(anonymous_5)","line":41,"loc":{"start":{"line":41,"column":56},"end":{"line":41,"column":66}}},"6":{"name":"(anonymous_6)","line":45,"loc":{"start":{"line":45,"column":74},"end":{"line":45,"column":84}}},"7":{"name":"(anonymous_7)","line":50,"loc":{"start":{"line":50,"column":24},"end":{"line":50,"column":35}}},"8":{"name":"(anonymous_8)","line":54,"loc":{"start":{"line":54,"column":10},"end":{"line":54,"column":21}}},"9":{"name":"(anonymous_9)","line":68,"loc":{"start":{"line":68,"column":18},"end":{"line":68,"column":31}}},"10":{"name":"(anonymous_10)","line":74,"loc":{"start":{"line":74,"column":18},"end":{"line":74,"column":31}}}},"statementMap":{"1":{"start":{"line":3,"column":0},"end":{"line":3,"column":29}},"2":{"start":{"line":4,"column":0},"end":{"line":4,"column":23}},"3":{"start":{"line":6,"column":0},"end":{"line":80,"column":3}},"4":{"start":{"line":17,"column":4},"end":{"line":19,"column":6}},"5":{"start":{"line":24,"column":4},"end":{"line":27,"column":6}},"6":{"start":{"line":31,"column":4},"end":{"line":31,"column":27}},"7":{"start":{"line":34,"column":4},"end":{"line":47,"column":18}},"8":{"start":{"line":35,"column":6},"end":{"line":35,"column":59}},"9":{"start":{"line":36,"column":6},"end":{"line":36,"column":46}},"10":{"start":{"line":37,"column":6},"end":{"line":46,"column":7}},"11":{"start":{"line":38,"column":8},"end":{"line":38,"column":38}},"12":{"start":{"line":39,"column":8},"end":{"line":39,"column":74}},"13":{"start":{"line":40,"column":8},"end":{"line":42,"column":9}},"14":{"start":{"line":41,"column":10},"end":{"line":41,"column":86}},"15":{"start":{"line":41,"column":67},"end":{"line":41,"column":83}},"16":{"start":{"line":43,"column":13},"end":{"line":46,"column":7}},"17":{"start":{"line":44,"column":8},"end":{"line":44,"column":38}},"18":{"start":{"line":45,"column":8},"end":{"line":45,"column":106}},"19":{"start":{"line":45,"column":85},"end":{"line":45,"column":103}},"20":{"start":{"line":51,"column":4},"end":{"line":51,"column":36}},"21":{"start":{"line":55,"column":4},"end":{"line":55,"column":27}},"22":{"start":{"line":56,"column":4},"end":{"line":65,"column":6}},"23":{"start":{"line":69,"column":4},"end":{"line":71,"column":7}},"24":{"start":{"line":75,"column":4},"end":{"line":77,"column":7}}},"branchMap":{"1":{"line":37,"type":"if","locations":[{"start":{"line":37,"column":6},"end":{"line":37,"column":6}},{"start":{"line":37,"column":6},"end":{"line":37,"column":6}}]},"2":{"line":40,"type":"if","locations":[{"start":{"line":40,"column":8},"end":{"line":40,"column":8}},{"start":{"line":40,"column":8},"end":{"line":40,"column":8}}]},"3":{"line":43,"type":"if","locations":[{"start":{"line":43,"column":13},"end":{"line":43,"column":13}},{"start":{"line":43,"column":13},"end":{"line":43,"column":13}}]}},"code":["'use strict';","","var React = require('react');","var d3 = require('d3');","","module.exports = React.createClass({displayName: \"exports\",","","  propTypes: {","    cx: React.PropTypes.number,","    cy: React.PropTypes.number,","    r: React.PropTypes.number,","    fill: React.PropTypes.string,","    className: React.PropTypes.string","  },","","  getDefaultProps: function() {","    return {","      fill: '#1f77b4'","    };","  },","","  getInitialState: function() {","    // state for animation usage","    return {","      circleRadius: this.props.r,","      circleColor: this.props.fill","    };","  },","","  componentDidMount:function() {","    var props = this.props;","    // The circle reference is observed when both it is set to","    // active, and to inactive, so we have to check which one","    var unobserve = props.voronoiRef.observe(function()  {","      var circleStatus = props.voronoiRef.cursor().deref();","      var seriesName = props.id.split('-')[0];","      if (circleStatus === 'active') {","        this._animateCircle(props.id);","        var voronoiSeriesCursor = props.structure.cursor('voronoiSeries');","        if (voronoiSeriesCursor) {","          voronoiSeriesCursor.cursor(seriesName).update(function(){return 'active';});","        }","      } else if (circleStatus === 'inactive') {","        this._restoreCircle(props.id);","        props.structure.cursor('voronoiSeries').cursor(seriesName).update(function(){return 'inactive';});","      }","    }.bind(this));","  },","","  componentWillUnmount: function() {","    this.props.voronoiRef.destroy();","  },","","  render: function() {","    var props = this.props;","    return (","      React.createElement(\"circle\", {","        cx: props.cx, ","        cy: props.cy, ","        r: this.state.circleRadius, ","        fill: this.state.circleColor, ","        id: props.id, ","        className: props.className}","      )","    );","  },","  ","  _animateCircle: function(id) {","    this.setState({ ","      circleRadius: this.state.circleRadius * ( 5 / 4 )","    });","  },","","  _restoreCircle: function(id) {","    this.setState({ ","      circleRadius: this.props.r","    });","  }","","});",""],"l":{"3":1,"4":1,"6":1,"17":1,"24":0,"31":0,"34":0,"35":0,"36":0,"37":0,"38":0,"39":0,"40":0,"41":0,"43":0,"44":0,"45":0,"51":0,"55":0,"56":0,"69":0,"75":0}},"/home/travis/build/npmtest/node-npmtest-react-d3/node_modules/react-d3/common/VoronoiContainer.js":{"path":"/home/travis/build/npmtest/node-npmtest-react-d3/node_modules/react-d3/common/VoronoiContainer.js","s":{"1":2,"2":2,"3":2,"4":2,"5":0,"6":0,"7":0,"8":0,"9":0,"10":0,"11":0,"12":0,"13":0,"14":0,"15":0,"16":0,"17":0,"18":0,"19":0},"b":{"1":[0,0],"2":[0,0]},"f":{"1":0,"2":0,"3":0,"4":0,"5":0,"6":0},"fnMap":{"1":{"name":"(anonymous_1)","line":12,"loc":{"start":{"line":12,"column":18},"end":{"line":12,"column":29}}},"2":{"name":"(anonymous_2)","line":20,"loc":{"start":{"line":20,"column":18},"end":{"line":20,"column":29}}},"3":{"name":"(anonymous_3)","line":27,"loc":{"start":{"line":27,"column":9},"end":{"line":27,"column":20}}},"4":{"name":"(anonymous_4)","line":55,"loc":{"start":{"line":55,"column":17},"end":{"line":55,"column":28}}},"5":{"name":"(anonymous_5)","line":62,"loc":{"start":{"line":62,"column":17},"end":{"line":62,"column":28}}},"6":{"name":"(anonymous_6)","line":69,"loc":{"start":{"line":69,"column":13},"end":{"line":69,"column":25}}}},"statementMap":{"1":{"start":{"line":3,"column":0},"end":{"line":3,"column":29}},"2":{"start":{"line":4,"column":0},"end":{"line":4,"column":23}},"3":{"start":{"line":5,"column":0},"end":{"line":5,"column":38}},"4":{"start":{"line":6,"column":0},"end":{"line":6,"column":47}},"5":{"start":{"line":8,"column":0},"end":{"line":75,"column":3}},"6":{"start":{"line":13,"column":4},"end":{"line":17,"column":6}},"7":{"start":{"line":21,"column":4},"end":{"line":24,"column":6}},"8":{"start":{"line":29,"column":4},"end":{"line":29,"column":27}},"9":{"start":{"line":32,"column":4},"end":{"line":32,"column":42}},"10":{"start":{"line":33,"column":4},"end":{"line":38,"column":5}},"11":{"start":{"line":34,"column":6},"end":{"line":34,"column":44}},"12":{"start":{"line":35,"column":6},"end":{"line":35,"column":45}},"13":{"start":{"line":37,"column":6},"end":{"line":37,"column":48}},"14":{"start":{"line":40,"column":4},"end":{"line":52,"column":6}},"15":{"start":{"line":56,"column":4},"end":{"line":59,"column":7}},"16":{"start":{"line":63,"column":4},"end":{"line":66,"column":7}},"17":{"start":{"line":70,"column":4},"end":{"line":72,"column":5}},"18":{"start":{"line":71,"column":6},"end":{"line":71,"column":13}},"19":{"start":{"line":73,"column":4},"end":{"line":73,"column":35}}},"branchMap":{"1":{"line":33,"type":"if","locations":[{"start":{"line":33,"column":4},"end":{"line":33,"column":4}},{"start":{"line":33,"column":4},"end":{"line":33,"column":4}}]},"2":{"line":70,"type":"if","locations":[{"start":{"line":70,"column":4},"end":{"line":70,"column":4}},{"start":{"line":70,"column":4},"end":{"line":70,"column":4}}]}},"code":["'use strict';","","var React = require('react');","var d3 = require('d3');","var shade = require('../utils').shade;","var VoronoiCircle = require('./VoronoiCircle');","","module.exports = React.createClass({","","  displayName: 'VoronoiContainer',","","  getDefaultProps:function() {","    return {","      circleRadius: 3,","      circleFill: '#1f77b4',","      hoverAnimation: true","    };","  },","","  getInitialState:function() {","    return { ","      circleRadius: this.props.circleRadius,","      circleFill: this.props.circleFill","    };","  },","","  render:function() {","","    var props = this.props;","","    // animation controller","    var handleMouseOver, handleMouseLeave;","    if(props.hoverAnimation) {","      handleMouseOver = this._animateCircle;","      handleMouseLeave = this._restoreCircle;","    } else {","      handleMouseOver = handleMouseLeave = null;","    }","","    return (","      React.createElement(\"g\", null, ","        React.createElement(VoronoiCircle, {","            handleMouseOver: handleMouseOver, ","            handleMouseLeave: handleMouseLeave, ","            voronoiPath: this._drawPath(props.vnode), ","            cx: props.cx, ","            cy: props.cy, ","            circleRadius: this.state.circleRadius, ","            circleFill: this.state.circleFill}","        )","      )","    );","  },","","  _animateCircle:function() {","    this.setState({ ","      circleRadius: this.props.circleRadius * ( 5 / 4 ),","      circleFill: shade(this.props.circleFill, 0.2)","    });","  },","","  _restoreCircle:function() {","    this.setState({ ","      circleRadius: this.props.circleRadius,","      circleFill: this.props.circleFill","    });","  },","","  _drawPath: function(d) {","    if(d === undefined) {","      return; ","    }  ","    return 'M' + d.join(',') + 'Z';","  },","});",""],"l":{"3":2,"4":2,"5":2,"6":2,"8":0,"13":0,"21":0,"29":0,"32":0,"33":0,"34":0,"35":0,"37":0,"40":0,"56":0,"63":0,"70":0,"71":0,"73":0}}}